Log file open, 10/27/18 16:03:39
LogWindows: Failed to load 'aqProf.dll' (GetLastError=126)
LogWindows: File 'aqProf.dll' does not exist
LogWindows: Failed to load 'VSPerf140.dll' (GetLastError=126)
LogWindows: File 'VSPerf140.dll' does not exist
LogWindows: Failed to load 'VtuneApi.dll' (GetLastError=126)
LogWindows: File 'VtuneApi.dll' does not exist
LogWindows: Failed to load 'VtuneApi32e.dll' (GetLastError=126)
LogWindows: File 'VtuneApi32e.dll' does not exist
LogInit: Display: Running engine for game: Velvet_Megashark
LogPlatformFile: Not using cached read wrapper
LogTaskGraph: Started task graph with 5 named threads and 35 total threads with 3 sets of task threads.
LogStats: Stats thread started at 0.410381
LogD3D11RHI: Loaded GFSDK_Aftermath_Lib.x64.dll
LogICUInternationalization: Display: ICU TimeZone Detection - Raw Offset: +10:00, Platform Override: ''
LogPluginManager: Mounting plugin Paper2D
LogPluginManager: Mounting plugin AISupport
LogPluginManager: Mounting plugin LightPropagationVolume
LogPluginManager: Mounting plugin CLionSourceCodeAccess
LogPluginManager: Mounting plugin CodeLiteSourceCodeAccess
LogPluginManager: Mounting plugin GitSourceControl
LogPluginManager: Mounting plugin KDevelopSourceCodeAccess
LogPluginManager: Mounting plugin NullSourceCodeAccess
LogPluginManager: Mounting plugin PerforceSourceControl
LogPluginManager: Mounting plugin SubversionSourceControl
LogPluginManager: Mounting plugin UObjectPlugin
LogPluginManager: Mounting plugin VisualStudioCodeSourceCodeAccess
LogPluginManager: Mounting plugin VisualStudioSourceCodeAccess
LogPluginManager: Mounting plugin XCodeSourceCodeAccess
LogPluginManager: Mounting plugin AssetManagerEditor
LogPluginManager: Mounting plugin CryptoKeys
LogPluginManager: Mounting plugin DataValidation
LogPluginManager: Mounting plugin FacialAnimation
LogPluginManager: Mounting plugin GameplayTagsEditor
LogPluginManager: Mounting plugin MacGraphicsSwitching
LogPluginManager: Mounting plugin MeshEditor
LogPluginManager: Mounting plugin MobileLauncherProfileWizard
LogPluginManager: Mounting plugin PluginBrowser
LogPluginManager: Mounting plugin SpeedTreeImporter
LogPluginManager: Mounting plugin DatasmithContent
LogPluginManager: Mounting plugin AlembicImporter
LogPluginManager: Mounting plugin AppleImageUtils
LogPluginManager: Mounting plugin AppleVision
LogPluginManager: Mounting plugin BackChannel
LogPluginManager: Mounting plugin CharacterAI
LogPluginManager: Mounting plugin GeometryCache
LogPluginManager: Mounting plugin HTML5Networking
LogPluginManager: Mounting plugin ProxyLODPlugin
LogPluginManager: Mounting plugin MagicLeap
LogPluginManager: Mounting plugin MagicLeapEmulator
LogPluginManager: Mounting plugin MagicLeapMedia
LogPluginManager: Mounting plugin AndroidMedia
LogPluginManager: Mounting plugin AvfMedia
LogPluginManager: Mounting plugin ImgMedia
LogPluginManager: Mounting plugin LinearTimecode
LogPluginManager: Mounting plugin MediaCompositing
LogPluginManager: Mounting plugin MediaPlayerEditor
LogPluginManager: Mounting plugin WmfMedia
LogPluginManager: Mounting plugin TcpMessaging
LogPluginManager: Mounting plugin UdpMessaging
LogPluginManager: Mounting plugin ActorSequence
LogPluginManager: Mounting plugin LevelSequenceEditor
LogPluginManager: Mounting plugin MatineeToLevelSequence
LogPluginManager: Mounting plugin NetcodeUnitTest
LogPluginManager: Mounting plugin NUTUnrealEngine4
LogPluginManager: Mounting plugin OnlineSubsystemGooglePlay
LogPluginManager: Mounting plugin OnlineSubsystemIOS
LogPluginManager: Mounting plugin OnlineSubsystem
LogPluginManager: Mounting plugin OnlineSubsystemNull
LogPluginManager: Mounting plugin OnlineSubsystemUtils
LogPluginManager: Mounting plugin LauncherChunkInstaller
LogPluginManager: Mounting plugin AndroidDeviceProfileSelector
LogPluginManager: Mounting plugin AndroidMoviePlayer
LogPluginManager: Mounting plugin AndroidPermission
LogPluginManager: Mounting plugin AppleMoviePlayer
LogPluginManager: Mounting plugin ArchVisCharacter
LogPluginManager: Mounting plugin AudioCapture
LogPluginManager: Mounting plugin CableComponent
LogPluginManager: Mounting plugin CustomMeshComponent
LogPluginManager: Mounting plugin EditableMesh
LogPluginManager: Mounting plugin ExampleDeviceProfileSelector
LogPluginManager: Mounting plugin GoogleCloudMessaging
LogPluginManager: Mounting plugin ImmediatePhysics
LogPluginManager: Mounting plugin IOSDeviceProfileSelector
LogPluginManager: Mounting plugin LinuxDeviceProfileSelector
LogPluginManager: Mounting plugin LocationServicesBPLibrary
LogPluginManager: Mounting plugin MobilePatchingUtils
LogPluginManager: Mounting plugin OculusVR
LogPluginManager: Plugin shader directory ../../../Engine/Plugins/Runtime/Oculus/OculusVR/Shaders found
LogPluginManager: Mapping shader source directory ../../../Engine/Plugins/Runtime/Oculus/OculusVR/Shaders to virtual directory /Plugin/OculusVR
LogPluginManager: Mounting plugin PhysXVehicles
LogPluginManager: Mounting plugin ProceduralMeshComponent
LogPluginManager: Mounting plugin RuntimePhysXCooking
LogPluginManager: Mounting plugin SteamVR
LogPluginManager: Mounting plugin WindowsMoviePlayer
LogStreaming: Display: Took  0.216s to configure plugins.
LogInit: Using libcurl 7.55.1-DEV
LogInit:  - built for x86_64-pc-win32
LogInit:  - supports SSL with OpenSSL/1.0.2h
LogInit:  - supports HTTP deflate (compression) using libz 1.2.8
LogInit:  - other features:
LogInit:      CURL_VERSION_SSL
LogInit:      CURL_VERSION_LIBZ
LogInit:      CURL_VERSION_IPV6
LogInit:      CURL_VERSION_ASYNCHDNS
LogInit:      CURL_VERSION_LARGEFILE
LogInit:      CURL_VERSION_IDN
LogInit:  CurlRequestOptions (configurable via config and command line):
LogInit:  - bVerifyPeer = false  - Libcurl will NOT verify peer certificate
LogInit:  - bUseHttpProxy = false  - Libcurl will NOT use HTTP proxy
LogInit:  - bDontReuseConnections = false  - Libcurl will reuse connections
LogInit:  - CertBundlePath = nullptr  - Libcurl will use whatever was configured at build time.
LogInit:  - MaxHostConnections = 16  - Libcurl will limit the number of connections to a host
LogInit:  - LocalHostAddr = Default
LogInit:  - BufferSize = 65536
LogInit: WinSock: version 1.1 (2.2), MaxSocks=32767, MaxUdp=65467
LogInit: Build: ++UE4+Release-4.20-CL-4369336
LogInit: Engine Version: 4.20.3-4369336+++UE4+Release-4.20
LogInit: Compatible Engine Version: 4.20.0-4212847+++UE4+Release-4.20
LogInit: Net CL: 4212847
LogInit: OS: Windows 10 (), CPU: Intel(R) Core(TM) i7-8700K CPU @ 3.70GHz, GPU: NVIDIA GeForce GTX 1080
LogInit: Compiled (64-bit): Sep 17 2018 12:26:19
LogInit: Compiled with Visual C++: 19.13.26129.00
LogInit: Build Configuration: Development
LogInit: Branch Name: ++UE4+Release-4.20
LogInit: Command Line:  
LogInit: Base Directory: D:/Games/UE_4.20/Engine/Binaries/Win64/
LogInit: Installed Engine Build: 1
LogDevObjectVersion: Number of dev versions registered: 20
LogDevObjectVersion:   Dev-Blueprints (B0D832E4-1F89-4F0D-ACCF-7EB736FD4AA2): 10
LogDevObjectVersion:   Dev-Build (E1C64328-A22C-4D53-A36C-8E866417BD8C): 0
LogDevObjectVersion:   Dev-Core (375EC13C-06E4-48FB-B500-84F0262A717E): 2
LogDevObjectVersion:   Dev-Editor (E4B068ED-F494-42E9-A231-DA0B2E46BB41): 24
LogDevObjectVersion:   Dev-Framework (CFFC743F-43B0-4480-9391-14DF171D2073): 34
LogDevObjectVersion:   Dev-Mobile (B02B49B5-BB20-44E9-A304-32B752E40360): 2
LogDevObjectVersion:   Dev-Networking (A4E4105C-59A1-49B5-A7C5-40C4547EDFEE): 0
LogDevObjectVersion:   Dev-Online (39C831C9-5AE6-47DC-9A44-9C173E1C8E7C): 0
LogDevObjectVersion:   Dev-Physics (78F01B33-EBEA-4F98-B9B4-84EACCB95AA2): 0
LogDevObjectVersion:   Dev-Platform (6631380F-2D4D-43E0-8009-CF276956A95A): 0
LogDevObjectVersion:   Dev-Rendering (12F88B9F-8875-4AFC-A67C-D90C383ABD29): 26
LogDevObjectVersion:   Dev-Sequencer (7B5AE74C-D270-4C10-A958-57980B212A5A): 9
LogDevObjectVersion:   Dev-VR (D7296918-1DD6-4BDD-9DE2-64A83CC13884): 2
LogDevObjectVersion:   Dev-LoadTimes (C2A15278-BFE7-4AFE-6C17-90FF531DF755): 1
LogDevObjectVersion:   Private-Geometry (6EACA3D4-40EC-4CC1-B786-8BED09428FC5): 3
LogDevObjectVersion:   Dev-AnimPhys (29E575DD-E0A3-4627-9D10-D276232CDCEA): 17
LogDevObjectVersion:   Dev-ReflectionCapture (6B266CEC-1EC7-4B8F-A30B-E4D90942FC07): 1
LogDevObjectVersion:   Dev-Automation (0DF73D61-A23F-47EA-B727-89E90C41499A): 1
LogDevObjectVersion:   FortniteMain (601D1886-AC64-4F84-AA16-D3DE0DEAC7D6): 12
LogDevObjectVersion:   Dev-Enterprise (9DFFBCD6-494F-0158-E221-12823C92A888): 1
LogStreaming: Display: Took  0.002s to delete old logs.
LogInit: Presizing for max 8388607 objects, including 0 objects not considered by GC, pre-allocating 0 bytes for permanent pool.
LogInit: Object subsystem initialized
[2018.10.27-06.03.39:934][  0]LogInit: Selected Device Profile: [Windows]
[2018.10.27-06.03.39:934][  0]LogInit: Applying CVar settings loaded from the selected device profile: [Windows]
[2018.10.27-06.03.39:944][  0]LogHAL: Display: Platform has ~ 32 GB [34290503680 / 34359738368 / 32], which maps to Largest [LargestMinGB=32, LargerMinGB=12, DefaultMinGB=8, SmallerMinGB=6, SmallestMinGB=0)
[2018.10.27-06.03.39:944][  0]LogInit: Setting Device Profile CVar: [[r.Vulkan.UseRealUBs:1]]
[2018.10.27-06.03.39:944][  0]LogInit: Going up to parent DeviceProfile []
[2018.10.27-06.03.39:944][  0]LogInit: Computer: DESKTOP-9UI0BTC
[2018.10.27-06.03.39:944][  0]LogInit: User: SharnPost
[2018.10.27-06.03.39:944][  0]LogInit: CPU Page size=4096, Cores=6
[2018.10.27-06.03.39:944][  0]LogInit: High frequency timer resolution =3.609379 MHz
[2018.10.27-06.03.39:945][  0]LogMemory: Memory total: Physical=31.9GB (32GB approx)
[2018.10.27-06.03.39:945][  0]LogMemory: Platform Memory Stats for Windows
[2018.10.27-06.03.39:945][  0]LogMemory: Process Physical Memory: 101.13 MB used, 101.13 MB peak
[2018.10.27-06.03.39:945][  0]LogMemory: Process Virtual Memory: 85.90 MB used, 85.90 MB peak
[2018.10.27-06.03.39:945][  0]LogMemory: Physical Memory: 12207.58 MB used,  20494.39 MB free, 32701.97 MB total
[2018.10.27-06.03.39:945][  0]LogMemory: Virtual Memory: 4652.48 MB used,  20494.39 MB free, 134217728.00 MB total
[2018.10.27-06.03.39:971][  0]LogInit: Using OS detected language (en-US).
[2018.10.27-06.03.39:972][  0]LogInit: Using OS detected locale (en-AU).
[2018.10.27-06.03.39:972][  0]LogTextLocalizationManager: No specific localization for 'en-US' exists, so the 'en' localization will be used.
[2018.10.27-06.03.40:257][  0]LogStreaming: Display: Took  0.286s to InitEngineTextLocalization.
[2018.10.27-06.03.40:258][  0]LogInit: Setting process to per monitor DPI aware
[2018.10.27-06.03.40:278][  0]LogSlate: New Slate User Created.  User Index 0, Is Virtual User: 0
[2018.10.27-06.03.40:278][  0]LogSlate: Slate User Registered.  User Index 0, Is Virtual User: 0
[2018.10.27-06.03.40:431][  0]LogHMD: Failed to initialize OpenVR with code 110
[2018.10.27-06.03.40:431][  0]LogD3D11RHI: D3D11 adapters:
[2018.10.27-06.03.40:488][  0]LogD3D11RHI:    0. 'NVIDIA GeForce GTX 1080' (Feature Level 11_0)
[2018.10.27-06.03.40:488][  0]LogD3D11RHI:       8079/0/16350 MB DedicatedVideo/DedicatedSystem/SharedSystem, Outputs:1, VendorId:0x10de
[2018.10.27-06.03.40:490][  0]LogD3D11RHI:    1. 'Microsoft Basic Render Driver' (Feature Level 11_0)
[2018.10.27-06.03.40:490][  0]LogD3D11RHI:       0/0/16350 MB DedicatedVideo/DedicatedSystem/SharedSystem, Outputs:0, VendorId:0x1414
[2018.10.27-06.03.40:490][  0]LogD3D11RHI: Chosen D3D11 Adapter: 0
[2018.10.27-06.03.40:496][  0]LogD3D11RHI: Creating new Direct3DDevice
[2018.10.27-06.03.40:496][  0]LogD3D11RHI:     GPU DeviceId: 0x1b80 (for the marketing name, search the web for "GPU Device Id")
[2018.10.27-06.03.40:496][  0]LogWindows: EnumDisplayDevices:
[2018.10.27-06.03.40:496][  0]LogWindows:    0. 'NVIDIA GeForce GTX 1080' (P:1 D:1)
[2018.10.27-06.03.40:497][  0]LogWindows:    1. 'NVIDIA GeForce GTX 1080' (P:0 D:0)
[2018.10.27-06.03.40:497][  0]LogWindows:    2. 'NVIDIA GeForce GTX 1080' (P:0 D:0)
[2018.10.27-06.03.40:497][  0]LogWindows:    3. 'NVIDIA GeForce GTX 1080' (P:0 D:0)
[2018.10.27-06.03.40:497][  0]LogWindows: DebugString: FoundDriverCount:4 
[2018.10.27-06.03.40:497][  0]LogD3D11RHI:     Adapter Name: NVIDIA GeForce GTX 1080
[2018.10.27-06.03.40:497][  0]LogD3D11RHI:   Driver Version: 411.63 (internal:24.21.14.1163, unified:411.63)
[2018.10.27-06.03.40:497][  0]LogD3D11RHI:      Driver Date: 9-18-2018
[2018.10.27-06.03.40:497][  0]LogRHI: Texture pool is 5655 MB (70% of 8079 MB)
[2018.10.27-06.03.40:534][  0]LogD3D11RHI: Async texture creation enabled
[2018.10.27-06.03.40:556][  0]LogD3D11RHI: GPU Timing Frequency: 1000.000000 (Debug: 2 2)
[2018.10.27-06.03.40:605][  0]LogShaderCompilers: Guid format shader working directory is -19 characters bigger than the processId version (C:/Users/Sharn Post/Documents/GitHub/Velvet-Megashark/Velvet_Megashark/Intermediate/Shaders/WorkingDirectory/4988/).
[2018.10.27-06.03.40:606][  0]LogShaderCompilers: Cleaned the shader compiler working directory 'C:/Users/Sharn Post/AppData/Local/Temp/UnrealShaderWorkingDir/7AA4F5E54E3DDD351D5A7BB00AE3EE46/'.
[2018.10.27-06.03.40:844][  0]LogTemp: Display: Loaded TP AllDesktopTargetPlatform
[2018.10.27-06.03.40:855][  0]LogTemp: Display: Loaded TP MacClientTargetPlatform
[2018.10.27-06.03.40:866][  0]LogTemp: Display: Loaded TP MacNoEditorTargetPlatform
[2018.10.27-06.03.40:876][  0]LogTemp: Display: Loaded TP MacServerTargetPlatform
[2018.10.27-06.03.40:888][  0]LogTemp: Display: Loaded TP MacTargetPlatform
[2018.10.27-06.03.40:898][  0]LogTemp: Display: Loaded TP WindowsClientTargetPlatform
[2018.10.27-06.03.40:909][  0]LogTemp: Display: Loaded TP WindowsNoEditorTargetPlatform
[2018.10.27-06.03.40:920][  0]LogTemp: Display: Loaded TP WindowsServerTargetPlatform
[2018.10.27-06.03.40:925][  0]LogTemp: Display: Loaded TP WindowsTargetPlatform
[2018.10.27-06.03.40:995][  0]LogTemp: Display: Loaded TP AndroidTargetPlatform
[2018.10.27-06.03.40:995][  0]LogTemp: Display: Loaded TP AndroidTargetPlatform
[2018.10.27-06.03.40:995][  0]LogTemp: Display: Loaded TP AndroidTargetPlatform
[2018.10.27-06.03.40:995][  0]LogTemp: Display: Loaded TP AndroidTargetPlatform
[2018.10.27-06.03.40:995][  0]LogTemp: Display: Loaded TP AndroidTargetPlatform
[2018.10.27-06.03.40:995][  0]LogTemp: Display: Loaded TP AndroidTargetPlatform
[2018.10.27-06.03.40:995][  0]LogTemp: Display: Loaded TP AndroidTargetPlatform
[2018.10.27-06.03.40:995][  0]LogTemp: Display: Loaded TP AndroidTargetPlatform
[2018.10.27-06.03.40:995][  0]LogTemp: Display: Loaded TP AndroidTargetPlatform
[2018.10.27-06.03.40:995][  0]LogTemp: Display: Loaded TP AndroidTargetPlatform
[2018.10.27-06.03.40:995][  0]LogTemp: Display: Loaded TP AndroidTargetPlatform
[2018.10.27-06.03.40:995][  0]LogTemp: Display: Loaded TP AndroidTargetPlatform
[2018.10.27-06.03.40:995][  0]LogTemp: Display: Loaded TP AndroidTargetPlatform
[2018.10.27-06.03.40:995][  0]LogTemp: Display: Loaded TP AndroidTargetPlatform
[2018.10.27-06.03.40:995][  0]LogTemp: Display: Loaded TP AndroidTargetPlatform
[2018.10.27-06.03.40:995][  0]LogTemp: Display: Loaded TP AndroidTargetPlatform
[2018.10.27-06.03.40:995][  0]LogTemp: Display: Loaded TP AndroidTargetPlatform
[2018.10.27-06.03.40:995][  0]LogTemp: Display: Loaded TP AndroidTargetPlatform
[2018.10.27-06.03.40:997][  0]LogTemp: Display: Loaded TP HTML5TargetPlatform
[2018.10.27-06.03.41:053][  0]LogTemp: Display: Loaded TP IOSTargetPlatform
[2018.10.27-06.03.41:053][  0]LogTemp: Display: Loaded TP IOSTargetPlatform
[2018.10.27-06.03.41:073][  0]LogTemp: Display: Loaded TP TVOSTargetPlatform
[2018.10.27-06.03.41:073][  0]LogTemp: Display: Loaded TP TVOSTargetPlatform
[2018.10.27-06.03.41:083][  0]LogTemp: Display: Loaded TP LinuxClientTargetPlatform
[2018.10.27-06.03.41:094][  0]LogTemp: Display: Loaded TP LinuxNoEditorTargetPlatform
[2018.10.27-06.03.41:105][  0]LogTemp: Display: Loaded TP LinuxServerTargetPlatform
[2018.10.27-06.03.41:117][  0]LogTemp: Display: Loaded TP LinuxTargetPlatform
[2018.10.27-06.03.41:125][  0]LogTemp: Display: Loaded TP LuminTargetPlatform
[2018.10.27-06.03.41:126][  0]LogTargetPlatformManager: Display: Building Assets For Windows
[2018.10.27-06.03.41:175][  0]LogXGEController: Cannot use XGE Controller as Incredibuild is not installed on this machine.
[2018.10.27-06.03.41:175][  0]LogShaderCompilers: Cannot use XGE Shader Compiler as Incredibuild is not installed on this machine.
[2018.10.27-06.03.41:175][  0]LogShaderCompilers: Display: Using Local Shader Compiler.
[2018.10.27-06.03.41:790][  0]LogDerivedDataCache: Display: Max Cache Size: 512 MB
[2018.10.27-06.03.41:842][  0]LogDerivedDataCache: Loaded boot cache 0.05s 86MB C:/Users/Sharn Post/AppData/Local/UnrealEngine/4.20/DerivedDataCache/Boot.ddc.
[2018.10.27-06.03.41:842][  0]LogDerivedDataCache: Display: Loaded Boot cache: C:/Users/Sharn Post/AppData/Local/UnrealEngine/4.20/DerivedDataCache/Boot.ddc
[2018.10.27-06.03.41:842][  0]LogDerivedDataCache: FDerivedDataBackendGraph:  Pak pak cache file C:/Users/Sharn Post/Documents/GitHub/Velvet-Megashark/Velvet_Megashark/DerivedDataCache/DDC.ddp not found, will not use a pak cache.
[2018.10.27-06.03.41:842][  0]LogDerivedDataCache: Unable to find inner node Pak for hierarchical cache Hierarchy.
[2018.10.27-06.03.41:842][  0]LogDerivedDataCache: FDerivedDataBackendGraph:  CompressedPak pak cache file C:/Users/Sharn Post/Documents/GitHub/Velvet-Megashark/Velvet_Megashark/DerivedDataCache/Compressed.ddp not found, will not use a pak cache.
[2018.10.27-06.03.41:842][  0]LogDerivedDataCache: Unable to find inner node CompressedPak for hierarchical cache Hierarchy.
[2018.10.27-06.03.41:853][  0]LogDerivedDataCache: Display: Pak cache opened for reading ../../../Engine/DerivedDataCache/Compressed.ddp.
[2018.10.27-06.03.41:866][  0]LogDerivedDataCache: Using Local data cache path C:/Users/Sharn Post/AppData/Local/UnrealEngine/Common/DerivedDataCache: Writable
[2018.10.27-06.03.41:866][  0]LogDerivedDataCache: Shared data cache path not found in *engine.ini, will not use an Shared cache.
[2018.10.27-06.03.41:866][  0]LogDerivedDataCache: Unable to find inner node Shared for hierarchical cache Hierarchy.
[2018.10.27-06.03.41:881][  0]LogMaterial: Verifying Global Shaders for PCD3D_SM5
[2018.10.27-06.03.41:882][  0]LogSlate: Using FreeType 2.6.0
[2018.10.27-06.03.41:883][  0]LogSlate: SlateFontServices - WITH_FREETYPE: 1, WITH_HARFBUZZ: 1
[2018.10.27-06.03.41:947][  0]LogAssetRegistry: FAssetRegistry took 0.0255 seconds to start up
[2018.10.27-06.03.42:230][  0]LogInit: Selected Device Profile: [Windows]
[2018.10.27-06.03.42:331][  0]LogSimplygon: Simplygon DLL not present - disabling.
[2018.10.27-06.03.42:334][  0]LogMeshReduction: Using SimplygonSwarm for distributed automatic mesh merging
[2018.10.27-06.03.42:334][  0]LogMeshReduction: Using ProxyLODMeshReduction for automatic mesh merging
[2018.10.27-06.03.42:334][  0]LogMeshReduction: Using QuadricMeshReduction for automatic static mesh reduction
[2018.10.27-06.03.42:334][  0]LogMeshReduction: No automatic skeletal mesh reduction module available
[2018.10.27-06.03.42:350][  0]LogNetVersion: Velvet_Megashark 1.0.0, NetCL: 4212847, EngineNetVer: 5, GameNetVer: 0 (Checksum: 2529210987)
[2018.10.27-06.03.42:815][  0]LogPackageLocalizationCache: Processed 11 localized package path(s) for 2 prioritized culture(s) in 0.135053 seconds
[2018.10.27-06.03.42:820][  0]LogUObjectArray: 38425 objects as part of root set at end of initial load.
[2018.10.27-06.03.42:820][  0]LogUObjectAllocator: 6690872 out of 0 bytes used by permanent object pool.
[2018.10.27-06.03.42:820][  0]LogUObjectArray: CloseDisregardForGC: 0/0 objects in disregard for GC pool
[2018.10.27-06.03.43:593][  0]LogTcpMessaging: Initializing TcpMessaging bridge
[2018.10.27-06.03.43:607][  0]LogUdpMessaging: Initializing bridge on interface 0.0.0.0:0 to multicast group 230.0.0.1:6666.
[2018.10.27-06.03.43:736][  0]SourceControl: Source control is disabled
[2018.10.27-06.03.43:736][  0]SourceControl: Source control is disabled
[2018.10.27-06.03.43:738][  0]SourceControl: Source control is disabled
[2018.10.27-06.03.43:739][  0]SourceControl: Source control is disabled
[2018.10.27-06.03.43:911][  0]LogAndroidPermission: UAndroidPermissionCallbackProxy::GetInstance
[2018.10.27-06.03.44:384][  0]LogOcInput: OculusInput pre-init called
[2018.10.27-06.03.44:433][  0]LogEngine: Initializing Engine...
[2018.10.27-06.03.44:435][  0]LogHMD: Failed to initialize OpenVR with code 110
[2018.10.27-06.03.44:436][  0]LogStats: UGameplayTagsManager::ConstructGameplayTagTree: ImportINI prefixes -  0.000 s
[2018.10.27-06.03.44:436][  0]LogStats: UGameplayTagsManager::ConstructGameplayTagTree: Construct from data asset -  0.000 s
[2018.10.27-06.03.44:436][  0]LogStats: UGameplayTagsManager::ConstructGameplayTagTree: ImportINI -  0.000 s
[2018.10.27-06.03.44:436][  0]LogStats: UGameplayTagsManager::ConstructGameplayTagTree: GameplayTagTreeChangedEvent.Broadcast -  0.000 s
[2018.10.27-06.03.44:595][  0]LogInit: Initializing FReadOnlyCVARCache
[2018.10.27-06.03.44:605][  0]LogAIModule: Creating AISystem for world Untitled
[2018.10.27-06.03.44:871][  0]LogInit: XAudio2 using 'Speakers (Realtek High Definition Audio)' : 6 channels at 48 kHz using 32 bits per sample (channel mask 0x3f)
[2018.10.27-06.03.44:943][  0]LogInit: FAudioDevice initialized.
[2018.10.27-06.03.44:943][  0]LogNetVersion: Set ProjectVersion to 1.0.0.0. Version Checksum will be recalculated on next use.
[2018.10.27-06.03.45:036][  0]LogDerivedDataCache: Saved boot cache 0.09s 86MB C:/Users/Sharn Post/AppData/Local/UnrealEngine/4.20/DerivedDataCache/Boot.ddc.
[2018.10.27-06.03.45:040][  0]LogInit: Texture streaming: Enabled
[2018.10.27-06.03.45:063][  0]LogEngineSessionManager: EngineSessionManager initialized
[2018.10.27-06.03.45:074][  0]LogInit: Transaction tracking system initialized
[2018.10.27-06.03.45:090][  0]BlueprintLog: New page: Editor Load
[2018.10.27-06.03.45:148][  0]LocalizationService: Localization service is disabled
[2018.10.27-06.03.45:232][  0]LogLinker: Warning: Can't find file '/Game/FirstPersonBP/FirstPersonOverview'
[2018.10.27-06.03.45:232][  0]LogLinker: Warning: Can't find file '/Game/FirstPersonBP/FirstPersonOverview'
[2018.10.27-06.03.45:232][  0]LogUObjectGlobals: Warning: Failed to find object 'Class /Game/FirstPersonBP/FirstPersonOverview.FirstPersonOverview_C'
[2018.10.27-06.03.45:399][  0]LogCook: Display: Max memory allowance for cook 16384mb min free memory 0mb
[2018.10.27-06.03.45:399][  0]LogCook: Display: Mobile HDR setting 1
[2018.10.27-06.03.45:399][  0]LogGameplayTags: Display: UGameplayTagsManager::DoneAddingNativeTags. DelegateIsBound: 0
[2018.10.27-06.03.45:399][  0]LogStats: UGameplayTagsManager::ConstructGameplayTagTree: ImportINI prefixes -  0.000 s
[2018.10.27-06.03.45:399][  0]LogStats: UGameplayTagsManager::ConstructGameplayTagTree: Construct from data asset -  0.000 s
[2018.10.27-06.03.45:399][  0]LogStats: UGameplayTagsManager::ConstructGameplayTagTree: ImportINI -  0.000 s
[2018.10.27-06.03.45:399][  0]LogStats: UGameplayTagsManager::ConstructGameplayTagTree: GameplayTagTreeChangedEvent.Broadcast -  0.000 s
[2018.10.27-06.03.45:493][  0]LogFileCache: Scanning file cache for directory 'C:/Users/Sharn Post/Documents/GitHub/Velvet-Megashark/Velvet_Megashark/Content/' took 0.01s
[2018.10.27-06.03.45:493][  0]SourceControl: Source control is disabled
[2018.10.27-06.03.45:493][  0]Cmd: MAP LOAD FILE="C:/Users/Sharn Post/Documents/GitHub/Velvet-Megashark/Velvet_Megashark/Content/VirtualRealityBP/Maps/StartupMap.umap" TEMPLATE=0 SHOWPROGRESS=1 FEATURELEVEL=3
[2018.10.27-06.03.45:493][  0]LogEditorServer: Warning: Can't find file 'C:/Users/Sharn Post/Documents/GitHub/Velvet-Megashark/Velvet_Megashark/Content/VirtualRealityBP/Maps/StartupMap.umap'
[2018.10.27-06.03.45:493][  0]Cmd: MAP CHECKDEP NOCLEARLOG
[2018.10.27-06.03.45:578][  0]MapCheck: Map check complete: 0 Error(s), 0 Warning(s), took 84.414ms to complete.
[2018.10.27-06.03.45:578][  0]LogFileHelpers: Loading map 'StartupMap' took 0.085
[2018.10.27-06.03.45:652][  0]LogSlate: Updating window title bar state: overlay mode, drag disabled, window buttons hidden, title bar hidden
[2018.10.27-06.03.45:657][  0]LogSlate: Updating window title bar state: overlay mode, drag disabled, window buttons hidden, title bar hidden
[2018.10.27-06.03.45:662][  0]LogSlate: Updating window title bar state: overlay mode, drag disabled, window buttons hidden, title bar hidden
[2018.10.27-06.03.45:668][  0]LogSlate: Updating window title bar state: overlay mode, drag disabled, window buttons hidden, title bar hidden
[2018.10.27-06.03.45:672][  0]LogCollectionManager: Loaded 0 collections in 0.000787 seconds
[2018.10.27-06.03.45:716][  0]LogFileCache: Scanning file cache for directory 'C:/Users/Sharn Post/Documents/GitHub/Velvet-Megashark/Velvet_Megashark/Saved/Collections/' took 0.01s
[2018.10.27-06.03.45:716][  0]LogFileCache: Scanning file cache for directory 'C:/Users/Sharn Post/Documents/GitHub/Velvet-Megashark/Velvet_Megashark/Content/Developers/SharnPost/Collections/' took 0.01s
[2018.10.27-06.03.45:716][  0]LogFileCache: Scanning file cache for directory 'C:/Users/Sharn Post/Documents/GitHub/Velvet-Megashark/Velvet_Megashark/Content/Collections/' took 0.01s
[2018.10.27-06.03.45:716][  0]LogCollectionManager: Rebuilt the GUID cache for 0 collections in 0.000000 seconds
[2018.10.27-06.03.45:723][  0]LogContentBrowser: Native class hierarchy populated in 0.0069 seconds. Added 2572 classes and 603 folders.
[2018.10.27-06.03.45:727][  0]LogContentBrowser: Native class hierarchy updated for 'WidgetCarousel' in 0.0002 seconds. Added 0 classes and 0 folders.
[2018.10.27-06.03.45:764][  0]LogContentBrowser: Native class hierarchy updated for 'AddContentDialog' in 0.0002 seconds. Added 0 classes and 0 folders.
[2018.10.27-06.03.45:768][  0]LogContentBrowser: Native class hierarchy updated for 'SceneOutliner' in 0.0002 seconds. Added 1 classes and 2 folders.
[2018.10.27-06.03.45:811][  0]LogSlate: Took 0.000176 seconds to synchronously load lazily loaded font '../../../Engine/Content/Slate/Fonts/Roboto-Regular.ttf' (155K)
[2018.10.27-06.03.45:814][  0]LogSlate: Took 0.000180 seconds to synchronously load lazily loaded font '../../../Engine/Content/Slate/Fonts/Roboto-Bold.ttf' (160K)
[2018.10.27-06.03.45:817][  0]LogSlate: Took 0.000153 seconds to synchronously load lazily loaded font '../../../Engine/Content/Editor/Slate/Fonts/FontAwesome.ttf' (139K)
[2018.10.27-06.03.45:856][  0]LogRenderer: Reallocating scene render targets to support 1052x288 Format 10 NumSamples 1 (Frame:1).
[2018.10.27-06.03.45:956][  0]LogContentBrowser: Native class hierarchy updated for 'HierarchicalLODOutliner' in 0.0002 seconds. Added 0 classes and 0 folders.
[2018.10.27-06.03.45:956][  0]LogLoad: (Engine Initialization) Total time: 7.78 seconds
[2018.10.27-06.03.45:956][  0]LogLoad: (Engine Initialization) Total Blueprint compile time: 0.00 seconds
[2018.10.27-06.03.45:966][  0]LogWindowsTextInputMethodSystem: Display: IME system now deactivated.
[2018.10.27-06.03.45:990][  0]LogAssetRegistry: Asset discovery search completed in 4.0646 seconds
[2018.10.27-06.03.45:991][  0]LogCollectionManager: Rebuilt the object cache for 0 collections in 0.000000 seconds (found 0 objects)
[2018.10.27-06.03.45:991][  0]LogCollectionManager: Fixed up redirectors for 0 collections in 0.000032 seconds (updated 0 objects)
[2018.10.27-06.03.45:992][  0]LogContentStreaming: Texture pool size now 3000 MB
[2018.10.27-06.03.46:007][  0]LogSlate: Took 0.000158 seconds to synchronously load lazily loaded font '../../../Engine/Content/Slate/Fonts/Roboto-Light.ttf' (167K)
[2018.10.27-06.05.09:402][597]LogSlate: FSceneViewport::OnFocusLost() reason 0
[2018.10.27-06.07.21:503][223]LogRenderer: Reallocating scene render targets to support 1052x292 Format 10 NumSamples 1 (Frame:575).
[2018.10.27-06.07.21:538][224]LogRenderer: Reallocating scene render targets to support 1052x328 Format 10 NumSamples 1 (Frame:577).
[2018.10.27-06.07.21:579][225]LogRenderer: Reallocating scene render targets to support 1052x468 Format 10 NumSamples 1 (Frame:579).
[2018.10.27-06.07.21:614][226]LogRenderer: Reallocating scene render targets to support 1052x632 Format 10 NumSamples 1 (Frame:581).
[2018.10.27-06.07.21:649][227]LogRenderer: Reallocating scene render targets to support 1052x756 Format 10 NumSamples 1 (Frame:583).
[2018.10.27-06.07.21:685][228]LogRenderer: Reallocating scene render targets to support 1052x820 Format 10 NumSamples 1 (Frame:585).
[2018.10.27-06.07.21:732][229]LogRenderer: Reallocating scene render targets to support 1052x844 Format 10 NumSamples 1 (Frame:587).
[2018.10.27-06.07.21:900][243]LogRenderer: Reallocating scene render targets to support 1052x852 Format 10 NumSamples 1 (Frame:591).
[2018.10.27-06.07.21:933][244]LogRenderer: Reallocating scene render targets to support 1052x864 Format 10 NumSamples 1 (Frame:593).
[2018.10.27-06.07.24:737][576]LogSlate: FSceneViewport::OnFocusLost() reason 2
[2018.10.27-06.07.25:742][696]LogSlate: FSceneViewport::OnFocusLost() reason 2
[2018.10.27-06.07.28:305][  0]Cmd: MAP LOAD FILE="C:/Users/Sharn Post/Documents/GitHub/Velvet-Megashark/Velvet_Megashark/Content/Adin-VFX/L_Test-VFX.umap" TEMPLATE=0 SHOWPROGRESS=1 FEATURELEVEL=3
[2018.10.27-06.07.28:308][  0]LogSlate: Took 0.000155 seconds to synchronously load lazily loaded font '../../../Engine/Content/Slate/Fonts/Roboto-Light.ttf' (167K)
[2018.10.27-06.07.28:316][  0]LightingResults: New page: Lighting Build
[2018.10.27-06.07.28:318][  0]LogContentBrowser: Native class hierarchy updated for 'StatsViewer' in 0.0002 seconds. Added 5 classes and 0 folders.
[2018.10.27-06.07.28:318][  0]LoadErrors: New page: Loading map: L_Test-VFX.umap
[2018.10.27-06.07.28:319][  0]MapCheck: New page: Map Check
[2018.10.27-06.07.28:319][  0]LightingResults: New page: Lighting Build
[2018.10.27-06.07.28:399][  0]LogTexture: Display: Building textures: ThumbnailTexture (DXT1, 512X512)
[2018.10.27-06.07.28:399][  0]LogTexture: Display: Building textures: Texture2D_0 (BGRA8, 64X64)
[2018.10.27-06.07.28:399][  0]LogTexture: Display: Building textures: Texture2D_1 (BGRA8, 32X32)
[2018.10.27-06.07.28:399][  0]LogMaterial: Display: Missing cached shader map for material M_Fireflies, compiling. 
[2018.10.27-06.07.28:421][  0]LogMaterial: Display: Missing cached shader map for material M_Landscape, compiling. 
[2018.10.27-06.07.28:449][  0]LogShaderCompilers: Display: Shaders left to compile 27
[2018.10.27-06.07.28:449][  0]LogShaderCompilers: Display: Shaders left to compile 17
[2018.10.27-06.07.28:449][  0]LogShaderCompilers: Display: Shaders left to compile 7
[2018.10.27-06.07.28:449][  0]LogMaterial: Display: Missing cached shader map for material M_Grass, compiling. 
[2018.10.27-06.07.28:477][  0]LogShaderCompilers: Display: Shaders left to compile 22
[2018.10.27-06.07.28:477][  0]LogShaderCompilers: Display: Shaders left to compile 12
[2018.10.27-06.07.28:477][  0]LogShaderCompilers: Display: Shaders left to compile 2
[2018.10.27-06.07.28:477][  0]LogStaticMesh: Building static mesh SM_Grass...
[2018.10.27-06.07.28:483][  0]LogShaderCompilers: Display: Shaders left to compile 53
[2018.10.27-06.07.28:483][  0]LogShaderCompilers: Display: Shaders left to compile 43
[2018.10.27-06.07.28:483][  0]LogStaticMesh: Built static mesh [0.01s] /Game/Adin-VFX/Meshes/SM_Grass.SM_Grass
[2018.10.27-06.07.28:495][  0]LogMaterial: Display: Missing cached shader map for material M_Landscape, compiling. 
[2018.10.27-06.07.28:524][  0]LogAIModule: Creating AISystem for world L_Test-VFX
[2018.10.27-06.07.28:585][  0]LogEditorServer: Finished looking for orphan Actors (0.000 secs)
[2018.10.27-06.07.28:623][  0]Cmd: MAP CHECKDEP NOCLEARLOG
[2018.10.27-06.07.28:722][  0]MapCheck: Map check complete: 0 Error(s), 0 Warning(s), took 99.866ms to complete.
[2018.10.27-06.07.28:722][  0]LogFileHelpers: Loading map 'L_Test-VFX' took 0.419
[2018.10.27-06.07.28:724][  0]LogSlate: Window 'Open Level' being destroyed
[2018.10.27-06.07.29:386][ 67]LogShaderCompilers: Display: Shaders left to compile 75
[2018.10.27-06.07.30:808][221]LogShaderCompilers: Display: Shaders left to compile 65
[2018.10.27-06.07.30:826][223]LogShaderCompilers: Display: Shaders left to compile 55
[2018.10.27-06.07.30:859][227]LogShaderCompilers: Display: Shaders left to compile 45
[2018.10.27-06.07.31:714][329]LogShaderCompilers: Display: Shaders left to compile 35
[2018.10.27-06.07.31:838][343]LogShaderCompilers: Display: Shaders left to compile 25
[2018.10.27-06.07.32:227][388]LogShaderCompilers: Display: Shaders left to compile 15
[2018.10.27-06.07.32:611][434]LogShaderCompilers: Display: Shaders left to compile 5
[2018.10.27-06.07.42:452][608]LogEditorViewport: Clicking on Actor (LMB): Landscape (Landscape)
[2018.10.27-06.07.57:160][348]LogSlate: FSceneViewport::OnFocusLost() reason 0
[2018.10.27-06.07.57:239][357]LogMaterial: Display: Missing cached shader map for material LayerVisMaterial, compiling. 
[2018.10.27-06.07.57:243][357]LogShaderCompilers: Display: Shaders left to compile 5
[2018.10.27-06.07.57:243][357]LogMaterial: Display: Missing cached shader map for material LayerVisMaterial, compiling. 
[2018.10.27-06.07.57:254][357]LogShaderCompilers: Display: Shaders left to compile 8
[2018.10.27-06.07.57:254][357]LogMaterial: Display: Missing cached shader map for material SelectBrushMaterial, compiling. 
[2018.10.27-06.07.57:261][357]LogShaderCompilers: Display: Shaders left to compile 11
[2018.10.27-06.07.57:261][357]LogShaderCompilers: Display: Shaders left to compile 1
[2018.10.27-06.07.57:261][357]LogMaterial: Display: Missing cached shader map for material SelectBrushMaterial, compiling. 
[2018.10.27-06.07.57:272][357]LogMaterial: Display: Missing cached shader map for material SelectBrushMaterial, compiling. 
[2018.10.27-06.07.57:282][357]LogShaderCompilers: Display: Shaders left to compile 20
[2018.10.27-06.07.57:282][357]LogShaderCompilers: Display: Shaders left to compile 10
[2018.10.27-06.07.57:282][357]LogMaterial: Display: Missing cached shader map for material SelectBrushMaterial, compiling. 
[2018.10.27-06.07.57:298][357]LogShaderCompilers: Display: Shaders left to compile 31
[2018.10.27-06.07.57:298][357]LogShaderCompilers: Display: Shaders left to compile 21
[2018.10.27-06.07.57:298][357]LogMaterial: Display: Missing cached shader map for material MaskBrushMaterial, compiling. 
[2018.10.27-06.07.57:305][357]LogMaterial: Display: Missing cached shader map for material MaskBrushMaterial, compiling. 
[2018.10.27-06.07.57:312][357]LogMaterial: Display: Missing cached shader map for material MaskBrushMaterial, compiling. 
[2018.10.27-06.07.57:341][357]LogMaterial: Display: Missing cached shader map for material LandscapeLayerUsageMaterial, compiling. 
[2018.10.27-06.07.57:348][357]LogMaterial: Display: Missing cached shader map for material LandscapeLayerUsageMaterial, compiling. 
[2018.10.27-06.07.57:359][357]LogMaterial: Display: Missing cached shader map for material FlattenHeightMat, compiling. 
[2018.10.27-06.07.57:369][357]LogMaterial: Display: Missing cached shader map for material MirrorPlaneMaterial, compiling. 
[2018.10.27-06.07.57:380][357]LogMaterial: Display: Missing cached shader map for material CircleBrushMaterial, compiling. 
[2018.10.27-06.07.57:386][357]LogMaterial: Display: Missing cached shader map for material CircleBrushMaterial, compiling. 
[2018.10.27-06.07.57:392][357]LogMaterial: Display: Missing cached shader map for material CircleBrushMaterial, compiling. 
[2018.10.27-06.07.57:402][357]LogMaterial: Display: Missing cached shader map for material CircleBrushMaterial, compiling. 
[2018.10.27-06.07.57:412][357]LogMaterial: Display: Missing cached shader map for material CircleBrushMaterial, compiling. 
[2018.10.27-06.07.57:419][357]LogMaterial: Display: Missing cached shader map for material CircleBrushMaterial, compiling. 
[2018.10.27-06.07.57:429][357]LogMaterial: Display: Missing cached shader map for material CircleBrushMaterial, compiling. 
[2018.10.27-06.07.57:439][357]LogMaterial: Display: Missing cached shader map for material CircleBrushMaterial, compiling. 
[2018.10.27-06.07.57:452][357]LogMaterial: Display: Missing cached shader map for material AlphaBrushMaterial, compiling. 
[2018.10.27-06.07.57:459][357]LogMaterial: Display: Missing cached shader map for material AlphaBrushMaterial, compiling. 
[2018.10.27-06.07.57:470][357]LogMaterial: Display: Missing cached shader map for material CircleBrushMaterial, compiling. 
[2018.10.27-06.07.57:476][357]LogMaterial: Display: Missing cached shader map for material CircleBrushMaterial, compiling. 
[2018.10.27-06.07.57:486][357]LogMaterial: Display: Missing cached shader map for material MaskBrushMaterial, compiling. 
[2018.10.27-06.07.57:492][357]LogMaterial: Display: Missing cached shader map for material MaskBrushMaterial, compiling. 
[2018.10.27-06.07.57:518][357]LogMaterial: Display: Missing cached shader map for material M_Landscape, compiling. 
[2018.10.27-06.07.57:525][357]LogMaterial: Display: Missing cached shader map for material M_Landscape, compiling. 
[2018.10.27-06.07.57:533][357]LogTexture: Display: Building textures: Texture2D_2 (G8, 128X128)
[2018.10.27-06.07.57:839][378]LogShaderCompilers: Display: Shaders left to compile 325
[2018.10.27-06.07.58:716][467]LogShaderCompilers: Display: Shaders left to compile 315
[2018.10.27-06.07.59:771][560]LogShaderCompilers: Display: Shaders left to compile 305
[2018.10.27-06.08.00:573][636]LogShaderCompilers: Display: Shaders left to compile 295
[2018.10.27-06.08.00:698][648]LogShaderCompilers: Display: Shaders left to compile 285
[2018.10.27-06.08.00:718][650]LogShaderCompilers: Display: Shaders left to compile 275
[2018.10.27-06.08.00:845][662]LogShaderCompilers: Display: Shaders left to compile 265
[2018.10.27-06.08.00:956][673]LogShaderCompilers: Display: Shaders left to compile 255
[2018.10.27-06.08.01:026][679]LogShaderCompilers: Display: Shaders left to compile 245
[2018.10.27-06.08.01:796][755]LogShaderCompilers: Display: Shaders left to compile 235
[2018.10.27-06.08.02:176][793]LogShaderCompilers: Display: Shaders left to compile 225
[2018.10.27-06.08.03:410][915]LogShaderCompilers: Display: Shaders left to compile 215
[2018.10.27-06.08.03:418][916]LogShaderCompilers: Display: Shaders left to compile 205
[2018.10.27-06.08.03:677][944]LogShaderCompilers: Display: Shaders left to compile 195
[2018.10.27-06.08.03:790][956]LogShaderCompilers: Display: Shaders left to compile 185
[2018.10.27-06.08.03:974][975]LogShaderCompilers: Display: Shaders left to compile 175
[2018.10.27-06.08.04:009][977]LogShaderCompilers: Display: Shaders left to compile 165
[2018.10.27-06.08.04:103][986]LogShaderCompilers: Display: Shaders left to compile 155
[2018.10.27-06.08.04:908][ 65]LogShaderCompilers: Display: Shaders left to compile 145
[2018.10.27-06.08.06:241][195]LogSlate: FSceneViewport::OnFocusLost() reason 0
[2018.10.27-06.08.06:328][205]LogShaderCompilers: Display: Shaders left to compile 135
[2018.10.27-06.08.06:804][255]LogShaderCompilers: Display: Shaders left to compile 125
[2018.10.27-06.08.06:980][274]LogShaderCompilers: Display: Shaders left to compile 115
[2018.10.27-06.08.07:083][284]LogShaderCompilers: Display: Shaders left to compile 105
[2018.10.27-06.08.07:097][285]LogShaderCompilers: Display: Shaders left to compile 95
[2018.10.27-06.08.07:224][298]LogShaderCompilers: Display: Shaders left to compile 85
[2018.10.27-06.08.07:464][324]LogShaderCompilers: Display: Shaders left to compile 75
[2018.10.27-06.08.07:948][374]LogShaderCompilers: Display: Shaders left to compile 65
[2018.10.27-06.08.09:323][513]LogShaderCompilers: Display: Shaders left to compile 55
[2018.10.27-06.08.10:121][598]LogShaderCompilers: Display: Shaders left to compile 45
[2018.10.27-06.08.10:130][599]LogShaderCompilers: Display: Shaders left to compile 35
[2018.10.27-06.08.10:146][601]LogShaderCompilers: Display: Shaders left to compile 25
[2018.10.27-06.08.10:405][629]LogShaderCompilers: Display: Shaders left to compile 15
[2018.10.27-06.08.10:468][636]LogShaderCompilers: Display: Shaders left to compile 5
[2018.10.27-06.08.11:734][777]LogSlate: FSceneViewport::OnFocusLost() reason 0
[2018.10.27-06.09.17:216][625]LogSlate: FSceneViewport::OnFocusLost() reason 0
[2018.10.27-06.09.23:766][411]Cmd: TRANSACTION UNDO
[2018.10.27-06.09.23:766][411]LogEditorTransaction: Undo Landscape Editing: Sculpt
[2018.10.27-06.09.23:771][411]LogMaterial: Display: Missing cached shader map for material M_Landscape, compiling. 
[2018.10.27-06.09.23:794][411]LogShaderCompilers: Display: Shaders left to compile 42
[2018.10.27-06.09.23:795][411]LogShaderCompilers: Display: Shaders left to compile 32
[2018.10.27-06.09.23:795][411]LogShaderCompilers: Display: Shaders left to compile 22
[2018.10.27-06.09.23:795][411]LogShaderCompilers: Display: Shaders left to compile 12
[2018.10.27-06.09.23:795][411]LogShaderCompilers: Display: Shaders left to compile 2
[2018.10.27-06.09.23:797][411]LogTexture: Display: Building textures: Texture2D_0 (BGRA8, 64X64)
[2018.10.27-06.09.25:477][608]LogSlate: FSceneViewport::OnFocusLost() reason 0
[2018.10.27-06.09.37:549][ 56]Cmd: TRANSACTION UNDO
[2018.10.27-06.09.37:549][ 56]LogEditorTransaction: Undo Landscape Editing: Sculpt
[2018.10.27-06.09.37:554][ 56]LogTexture: Display: Building textures: Texture2D_0 (BGRA8, 64X64)
[2018.10.27-06.09.38:997][225]LogSlate: FSceneViewport::OnFocusLost() reason 2
[2018.10.27-06.09.49:459][480]Cmd: TRANSACTION UNDO
[2018.10.27-06.09.49:459][480]LogEditorTransaction: Undo Landscape Editing: Sculpt
[2018.10.27-06.09.49:464][480]LogTexture: Display: Building textures: Texture2D_0 (BGRA8, 64X64)
[2018.10.27-06.09.49:684][503]Cmd: TRANSACTION UNDO
[2018.10.27-06.09.49:684][503]LogEditorTransaction: Undo Landscape Editing: Sculpt
[2018.10.27-06.09.49:907][526]Cmd: TRANSACTION UNDO
[2018.10.27-06.09.49:907][526]LogEditorTransaction: Undo Landscape Editing: Sculpt
[2018.10.27-06.09.49:910][526]LogTexture: Display: Building textures: Texture2D_0 (BGRA8, 64X64)
[2018.10.27-06.09.49:912][526]LogActorComponent: ~FComponentReregisterContext: (/Game/Adin-VFX/L_Test-VFX.L_Test-VFX:PersistentLevel.Landscape_0.LandscapeComponent_3) Component already registered.
[2018.10.27-06.10.07:863][676]LogSlate: FSceneViewport::OnFocusLost() reason 2
[2018.10.27-06.10.45:434][180]Cmd: TRANSACTION UNDO
[2018.10.27-06.10.45:434][180]LogEditorTransaction: Undo Landscape Editing: Flatten
[2018.10.27-06.10.45:439][180]LogTexture: Display: Building textures: Texture2D_0 (BGRA8, 64X64)
[2018.10.27-06.10.45:441][180]LogActorComponent: ~FComponentReregisterContext: (/Game/Adin-VFX/L_Test-VFX.L_Test-VFX:PersistentLevel.Landscape_0.LandscapeHeightfieldCollisionComponent_5) Component already registered.
[2018.10.27-06.10.45:441][180]LogActorComponent: ~FComponentReregisterContext: (/Game/Adin-VFX/L_Test-VFX.L_Test-VFX:PersistentLevel.Landscape_0.LandscapeComponent_2) Component already registered.
[2018.10.27-06.10.45:441][180]LogActorComponent: ~FComponentReregisterContext: (/Game/Adin-VFX/L_Test-VFX.L_Test-VFX:PersistentLevel.Landscape_0.LandscapeHeightfieldCollisionComponent_6) Component already registered.
[2018.10.27-06.10.45:441][180]LogActorComponent: ~FComponentReregisterContext: (/Game/Adin-VFX/L_Test-VFX.L_Test-VFX:PersistentLevel.Landscape_0.LandscapeComponent_0) Component already registered.
[2018.10.27-06.10.45:441][180]LogActorComponent: ~FComponentReregisterContext: (/Game/Adin-VFX/L_Test-VFX.L_Test-VFX:PersistentLevel.Landscape_0.LandscapeHeightfieldCollisionComponent_4) Component already registered.
[2018.10.27-06.10.45:442][180]LogActorComponent: ~FComponentReregisterContext: (/Game/Adin-VFX/L_Test-VFX.L_Test-VFX:PersistentLevel.Landscape_0.LandscapeComponent_1) Component already registered.
[2018.10.27-06.10.45:646][201]Cmd: TRANSACTION UNDO
[2018.10.27-06.10.45:646][201]LogEditorTransaction: Undo Landscape Editing: Flatten
[2018.10.27-06.10.45:650][201]LogTexture: Display: Building textures: Texture2D_0 (BGRA8, 64X64)
[2018.10.27-06.10.46:449][293]Cmd: TRANSACTION UNDO
[2018.10.27-06.10.46:449][293]LogEditorTransaction: Undo Landscape Editing: Flatten
[2018.10.27-06.10.46:454][293]LogTexture: Display: Building textures: Texture2D_0 (BGRA8, 64X64)
[2018.10.27-06.10.57:988][653]LogSlate: FSceneViewport::OnFocusLost() reason 2
[2018.10.27-06.11.07:722][808]LogSlate: FSceneViewport::OnFocusLost() reason 0
[2018.10.27-06.11.15:740][763]LogSlate: FSceneViewport::OnFocusLost() reason 0
[2018.10.27-06.11.15:847][773]LogMaterial: Display: Missing cached shader map for material FoliageBrushSphereMaterial, compiling. 
[2018.10.27-06.11.15:868][774]LogShaderCompilers: Display: Shaders left to compile 13
[2018.10.27-06.11.15:868][774]LogShaderCompilers: Display: Shaders left to compile 3
[2018.10.27-06.11.27:719][146]LogMaterial: Warning: Material /Game/Adin-VFX/Materials/M_Fireflies.M_Fireflies needed to have new flag set bUsedWithInstancedStaticMeshes !
[2018.10.27-06.11.27:724][146]LogMaterial: Display: Missing cached shader map for material M_Fireflies, compiling. 
[2018.10.27-06.11.27:745][147]LogShaderCompilers: Display: Shaders left to compile 37
[2018.10.27-06.11.27:745][147]LogShaderCompilers: Display: Shaders left to compile 27
[2018.10.27-06.11.27:745][147]LogShaderCompilers: Display: Shaders left to compile 17
[2018.10.27-06.11.27:745][147]LogShaderCompilers: Display: Shaders left to compile 7
[2018.10.27-06.11.34:069][903]LogSlate: FSceneViewport::OnFocusLost() reason 0
[2018.10.27-06.11.34:169][915]LogTemp: Repeating last play command: Selected Viewport
[2018.10.27-06.11.34:178][915]LogPlayLevel: PlayLevel: No blueprints needed recompiling
[2018.10.27-06.11.34:190][915]PIE: New page: PIE session: L_Test-VFX (28 Oct 2018 2:11:34 am)
[2018.10.27-06.11.34:190][915]LogPlayLevel: Creating play world package: /Game/Adin-VFX/UEDPIE_0_L_Test-VFX
[2018.10.27-06.11.34:195][915]LogPlayLevel: PIE: StaticDuplicateObject took: (0.004267s)
[2018.10.27-06.11.34:195][915]LogAIModule: Creating AISystem for world L_Test-VFX
[2018.10.27-06.11.34:195][915]LogPlayLevel: PIE: World Init took: (0.000577s)
[2018.10.27-06.11.34:195][915]LogPlayLevel: PIE: Created PIE world by copying editor world from /Game/Adin-VFX/L_Test-VFX.L_Test-VFX to /Game/Adin-VFX/UEDPIE_0_L_Test-VFX.L_Test-VFX (0.004952s)
[2018.10.27-06.11.34:501][915]LogInit: XAudio2 using 'Speakers (Realtek High Definition Audio)' : 6 channels at 48 kHz using 32 bits per sample (channel mask 0x3f)
[2018.10.27-06.11.34:559][915]LogInit: FAudioDevice initialized.
[2018.10.27-06.11.34:603][915]LogUObjectGlobals: Warning: Failed to find object 'Class None.'
[2018.10.27-06.11.34:603][915]LogLoad: Game class is 'GameModeBase'
[2018.10.27-06.11.34:605][915]LogWorld: Bringing World /Game/Adin-VFX/UEDPIE_0_L_Test-VFX.L_Test-VFX up for play (max tick rate 0) at 2018.10.27-16.11.34
[2018.10.27-06.11.34:605][915]LogWorld: Bringing up level for play took: 0.000560
[2018.10.27-06.11.34:621][915]LogContentBrowser: Native class hierarchy updated for 'MovieSceneCapture' in 0.0002 seconds. Added 10 classes and 0 folders.
[2018.10.27-06.11.34:621][915]PIE: Play in editor start time for /Game/Adin-VFX/UEDPIE_0_L_Test-VFX 0.447
[2018.10.27-06.11.38:192][339]LogSlate: Updating window title bar state: overlay mode, drag disabled, window buttons hidden, title bar hidden
[2018.10.27-06.11.38:231][339]LogPlayLevel: Display: Shutting down PIE online subsystems
[2018.10.27-06.11.38:262][339]LogSlate: Updating window title bar state: overlay mode, drag disabled, window buttons hidden, title bar hidden
[2018.10.27-06.11.38:299][343]LogPlayLevel: Display: Destroying online subsystem :Context_2
[2018.10.27-06.11.45:387][193]LogSlate: FSceneViewport::OnFocusLost() reason 0
[2018.10.27-06.11.45:487][205]LogTemp: Repeating last play command: Selected Viewport
[2018.10.27-06.11.45:495][205]LogPlayLevel: PlayLevel: No blueprints needed recompiling
[2018.10.27-06.11.45:495][205]PIE: New page: PIE session: L_Test-VFX (28 Oct 2018 2:11:45 am)
[2018.10.27-06.11.45:495][205]LogPlayLevel: Creating play world package: /Game/Adin-VFX/UEDPIE_0_L_Test-VFX
[2018.10.27-06.11.45:498][205]LogPlayLevel: PIE: StaticDuplicateObject took: (0.002948s)
[2018.10.27-06.11.45:499][205]LogAIModule: Creating AISystem for world L_Test-VFX
[2018.10.27-06.11.45:499][205]LogPlayLevel: PIE: World Init took: (0.000646s)
[2018.10.27-06.11.45:499][205]LogPlayLevel: PIE: Created PIE world by copying editor world from /Game/Adin-VFX/L_Test-VFX.L_Test-VFX to /Game/Adin-VFX/UEDPIE_0_L_Test-VFX.L_Test-VFX (0.003675s)
[2018.10.27-06.11.45:775][205]LogInit: XAudio2 using 'Speakers (Realtek High Definition Audio)' : 6 channels at 48 kHz using 32 bits per sample (channel mask 0x3f)
[2018.10.27-06.11.45:830][205]LogInit: FAudioDevice initialized.
[2018.10.27-06.11.45:863][205]LogUObjectGlobals: Warning: Failed to find object 'Class None.'
[2018.10.27-06.11.45:863][205]LogLoad: Game class is 'GameModeBase'
[2018.10.27-06.11.45:864][205]LogWorld: Bringing World /Game/Adin-VFX/UEDPIE_0_L_Test-VFX.L_Test-VFX up for play (max tick rate 0) at 2018.10.27-16.11.45
[2018.10.27-06.11.45:864][205]LogWorld: Bringing up level for play took: 0.000538
[2018.10.27-06.11.45:877][205]PIE: Play in editor start time for /Game/Adin-VFX/UEDPIE_0_L_Test-VFX -0.298
[2018.10.27-06.11.54:486][236]LogSlate: Updating window title bar state: overlay mode, drag disabled, window buttons hidden, title bar hidden
[2018.10.27-06.11.54:517][236]LogPlayLevel: Display: Shutting down PIE online subsystems
[2018.10.27-06.11.54:536][236]LogSlate: Updating window title bar state: overlay mode, drag disabled, window buttons hidden, title bar hidden
[2018.10.27-06.11.54:591][242]LogPlayLevel: Display: Destroying online subsystem :Context_3
[2018.10.27-06.12.02:533][194]LogSlate: FSceneViewport::OnFocusLost() reason 0
[2018.10.27-06.12.06:369][652]LogActorFactory: Actor Factory created SM_Grass
[2018.10.27-06.12.06:370][652]LogTexture: Display: Building textures: Texture2D_0 (BGRA8, 64X64)
[2018.10.27-06.12.06:856][710]LogSlate: FSceneViewport::OnFocusLost() reason 2
[2018.10.27-06.12.11:145][223]Cmd: TRANSACTION UNDO
[2018.10.27-06.12.11:145][223]LogEditorTransaction: Undo Foliage Editing
[2018.10.27-06.12.15:249][710]LogSlate: FSceneViewport::OnFocusLost() reason 0
[2018.10.27-06.12.20:804][376]LogSlate: FSceneViewport::OnFocusLost() reason 0
[2018.10.27-06.12.20:916][389]LogActorComponent: UnregisterComponent: (/Engine/Transient.SphereBrushComponent) Not registered. Aborting.
[2018.10.27-06.12.26:183][ 19]LogSlate: FSceneViewport::OnFocusLost() reason 0
[2018.10.27-06.12.26:274][ 30]LogTemp: Repeating last play command: Selected Viewport
[2018.10.27-06.12.26:283][ 30]LogPlayLevel: PlayLevel: No blueprints needed recompiling
[2018.10.27-06.12.26:283][ 30]PIE: New page: PIE session: L_Test-VFX (28 Oct 2018 2:12:26 am)
[2018.10.27-06.12.26:283][ 30]LogPlayLevel: Creating play world package: /Game/Adin-VFX/UEDPIE_0_L_Test-VFX
[2018.10.27-06.12.26:287][ 30]LogPlayLevel: PIE: StaticDuplicateObject took: (0.004460s)
[2018.10.27-06.12.26:288][ 30]LogAIModule: Creating AISystem for world L_Test-VFX
[2018.10.27-06.12.26:288][ 30]LogPlayLevel: PIE: World Init took: (0.000569s)
[2018.10.27-06.12.26:288][ 30]LogPlayLevel: PIE: Created PIE world by copying editor world from /Game/Adin-VFX/L_Test-VFX.L_Test-VFX to /Game/Adin-VFX/UEDPIE_0_L_Test-VFX.L_Test-VFX (0.005117s)
[2018.10.27-06.12.26:562][ 30]LogInit: XAudio2 using 'Speakers (Realtek High Definition Audio)' : 6 channels at 48 kHz using 32 bits per sample (channel mask 0x3f)
[2018.10.27-06.12.26:617][ 30]LogInit: FAudioDevice initialized.
[2018.10.27-06.12.26:645][ 30]LogUObjectGlobals: Warning: Failed to find object 'Class None.'
[2018.10.27-06.12.26:645][ 30]LogLoad: Game class is 'GameModeBase'
[2018.10.27-06.12.26:647][ 30]LogWorld: Bringing World /Game/Adin-VFX/UEDPIE_0_L_Test-VFX.L_Test-VFX up for play (max tick rate 0) at 2018.10.27-16.12.26
[2018.10.27-06.12.26:647][ 30]LogWorld: Bringing up level for play took: 0.000644
[2018.10.27-06.12.26:660][ 30]PIE: Play in editor start time for /Game/Adin-VFX/UEDPIE_0_L_Test-VFX 0.485
[2018.10.27-06.12.28:762][282]LogSlate: Updating window title bar state: overlay mode, drag disabled, window buttons hidden, title bar hidden
[2018.10.27-06.12.28:793][282]LogPlayLevel: Display: Shutting down PIE online subsystems
[2018.10.27-06.12.28:815][282]LogSlate: Updating window title bar state: overlay mode, drag disabled, window buttons hidden, title bar hidden
[2018.10.27-06.12.28:867][288]LogPlayLevel: Display: Destroying online subsystem :Context_6
[2018.10.27-06.12.30:937][535]LogSlate: FSceneViewport::OnFocusLost() reason 0
[2018.10.27-06.12.36:196][163]Cmd: TRANSACTION UNDO
[2018.10.27-06.12.36:196][163]LogEditorTransaction: Undo Foliage Editing
[2018.10.27-06.12.36:736][227]Cmd: TRANSACTION UNDO
[2018.10.27-06.12.36:736][227]LogEditorTransaction: Undo Foliage Editing
[2018.10.27-06.12.37:109][271]Cmd: TRANSACTION UNDO
[2018.10.27-06.12.37:109][271]LogEditorTransaction: Undo Foliage Editing
[2018.10.27-06.12.39:646][575]LogSlate: FSceneViewport::OnFocusLost() reason 0
[2018.10.27-06.12.53:232][197]Cmd: TRANSACTION UNDO
[2018.10.27-06.12.53:232][197]LogEditorTransaction: Undo Foliage Editing
[2018.10.27-06.12.54:398][334]LogSlate: FSceneViewport::OnFocusLost() reason 0
[2018.10.27-06.12.58:362][809]Cmd: TRANSACTION UNDO
[2018.10.27-06.12.58:362][809]LogEditorTransaction: Undo Foliage Editing
[2018.10.27-06.13.16:447][975]LogSlate: FSceneViewport::OnFocusLost() reason 0
[2018.10.27-06.13.38:066][569]LogSlate: FSceneViewport::OnFocusLost() reason 0
[2018.10.27-06.13.38:186][583]LogActorComponent: UnregisterComponent: (/Engine/Transient.SphereBrushComponent) Not registered. Aborting.
[2018.10.27-06.13.39:208][704]LogTemp: Repeating last play command: Selected Viewport
[2018.10.27-06.13.39:218][704]LogPlayLevel: PlayLevel: No blueprints needed recompiling
[2018.10.27-06.13.39:218][704]PIE: New page: PIE session: L_Test-VFX (28 Oct 2018 2:13:39 am)
[2018.10.27-06.13.39:218][704]LogPlayLevel: Creating play world package: /Game/Adin-VFX/UEDPIE_0_L_Test-VFX
[2018.10.27-06.13.39:221][704]LogPlayLevel: PIE: StaticDuplicateObject took: (0.003242s)
[2018.10.27-06.13.39:222][704]LogAIModule: Creating AISystem for world L_Test-VFX
[2018.10.27-06.13.39:222][704]LogPlayLevel: PIE: World Init took: (0.000483s)
[2018.10.27-06.13.39:222][704]LogPlayLevel: PIE: Created PIE world by copying editor world from /Game/Adin-VFX/L_Test-VFX.L_Test-VFX to /Game/Adin-VFX/UEDPIE_0_L_Test-VFX.L_Test-VFX (0.003805s)
[2018.10.27-06.13.39:494][704]LogInit: XAudio2 using 'Speakers (Realtek High Definition Audio)' : 6 channels at 48 kHz using 32 bits per sample (channel mask 0x3f)
[2018.10.27-06.13.39:547][704]LogInit: FAudioDevice initialized.
[2018.10.27-06.13.39:582][704]LogUObjectGlobals: Warning: Failed to find object 'Class None.'
[2018.10.27-06.13.39:582][704]LogLoad: Game class is 'GameModeBase'
[2018.10.27-06.13.39:583][704]LogWorld: Bringing World /Game/Adin-VFX/UEDPIE_0_L_Test-VFX.L_Test-VFX up for play (max tick rate 0) at 2018.10.27-16.13.39
[2018.10.27-06.13.39:583][704]LogWorld: Bringing up level for play took: 0.000619
[2018.10.27-06.13.39:596][704]PIE: Play in editor start time for /Game/Adin-VFX/UEDPIE_0_L_Test-VFX -0.579
[2018.10.27-06.13.44:324][271]LogSlate: Updating window title bar state: overlay mode, drag disabled, window buttons hidden, title bar hidden
[2018.10.27-06.13.44:354][271]LogPlayLevel: Display: Shutting down PIE online subsystems
[2018.10.27-06.13.44:374][271]LogSlate: Updating window title bar state: overlay mode, drag disabled, window buttons hidden, title bar hidden
[2018.10.27-06.13.44:427][277]LogPlayLevel: Display: Destroying online subsystem :Context_7
[2018.10.27-06.13.45:869][450]LogSlate: FSceneViewport::OnFocusLost() reason 0
[2018.10.27-06.17.49:292][182]LogSavePackage: Moving 'C:/Users/Sharn Post/Documents/GitHub/Velvet-Megashark/Velvet_Megashark/Saved/L_Test-VFX_Auto104052E5742C884F4584EAD9BBF54DAE5.tmp' to 'C:/Users/Sharn Post/Documents/GitHub/Velvet-Megashark/Velvet_Megashark/Saved/Autosaves/Game/Adin-VFX/L_Test-VFX_Auto1.umap'
[2018.10.27-06.17.49:298][182]LogFileHelpers: Editor autosave (incl. sublevels) for '/Game/Adin-VFX/L_Test-VFX' took 0.099
[2018.10.27-06.17.49:298][182]LogFileHelpers: Editor autosave (incl. sublevels) for all levels took 0.099
[2018.10.27-06.17.49:302][182]OBJ SavePackage: Generating thumbnails for [1] asset(s) in package [/Game/Adin-VFX/Materials/M_Fireflies] ([1] browsable assets)...
[2018.10.27-06.17.49:329][182]OBJ SavePackage:     Rendered thumbnail for [Material /Game/Adin-VFX/Materials/M_Fireflies.M_Fireflies]
[2018.10.27-06.17.49:329][182]OBJ SavePackage: Finished generating thumbnails for package [/Game/Adin-VFX/Materials/M_Fireflies]
[2018.10.27-06.17.49:367][182]LogSavePackage: Moving 'C:/Users/Sharn Post/Documents/GitHub/Velvet-Megashark/Velvet_Megashark/Saved/M_Fireflies_Auto178E62E3F46B074051B7C609021760BB5.tmp' to 'C:/Users/Sharn Post/Documents/GitHub/Velvet-Megashark/Velvet_Megashark/Saved/Autosaves/Game/Adin-VFX/Materials/M_Fireflies_Auto1.uasset'
[2018.10.27-06.17.49:370][182]LogFileHelpers: Auto-saving content packages took 0.070
[2018.10.27-06.25.36:317][563]LogSlate: Window 'Save Content' being destroyed
[2018.10.27-06.25.36:522][563]LogSavePackage: Moving 'C:/Users/Sharn Post/Documents/GitHub/Velvet-Megashark/Velvet_Megashark/Saved/L_Test-VFX0EBF499E4B8398C41B45BCACC482B0A1.tmp' to 'C:/Users/Sharn Post/Documents/GitHub/Velvet-Megashark/Velvet_Megashark/Content/Adin-VFX/L_Test-VFX.umap'
[2018.10.27-06.25.36:545][563]LogFileHelpers: Saving map 'L_Test-VFX' took 0.209
[2018.10.27-06.25.36:547][563]Cmd: OBJ SAVEPACKAGE PACKAGE="/Game/Adin-VFX/Materials/M_Fireflies" FILE="C:/Users/Sharn Post/Documents/GitHub/Velvet-Megashark/Velvet_Megashark/Content/Adin-VFX/Materials/M_Fireflies.uasset" SILENT=true
[2018.10.27-06.25.36:575][563]LogSavePackage: Moving 'C:/Users/Sharn Post/Documents/GitHub/Velvet-Megashark/Velvet_Megashark/Saved/M_Fireflies7F04940144B207EDAFF77089E501BB10.tmp' to 'C:/Users/Sharn Post/Documents/GitHub/Velvet-Megashark/Velvet_Megashark/Content/Adin-VFX/Materials/M_Fireflies.uasset'
[2018.10.27-06.25.36:621][563]LogSlate: Window 'Velvet_Megashark - Unreal Editor' being destroyed
[2018.10.27-06.25.36:804][564]Cmd: QUIT_EDITOR
[2018.10.27-06.25.37:757][564]LogWindowsTextInputMethodSystem: Display: IME system now deactivated.
[2018.10.27-06.25.37:768][564]LogExit: Preparing to exit.
[2018.10.27-06.25.38:291][564]LogExit: Editor shut down
[2018.10.27-06.25.38:291][564]LogExit: Transaction tracking system shut down
[2018.10.27-06.25.38:688][564]LogExit: Object subsystem successfully closed.
[2018.10.27-06.25.38:706][564]LogShaderCompilers: Display: Shaders left to compile 0
[2018.10.27-06.25.38:708][564]LogD3D11RHI: Shutdown
[2018.10.27-06.25.38:708][564]LogD3D11RHI: CleanupD3DDevice
[2018.10.27-06.25.38:710][564]LogD3D11RHI: ~FD3D11DynamicRHI
[2018.10.27-06.25.38:736][564]LogModuleManager: Shutting down and abandoning module MovieSceneCapture (616)
[2018.10.27-06.25.38:737][564]LogModuleManager: Shutting down and abandoning module Voice (614)
[2018.10.27-06.25.38:737][564]LogModuleManager: Shutting down and abandoning module MeshBuilder (612)
[2018.10.27-06.25.38:737][564]LogModuleManager: Shutting down and abandoning module StatsViewer (610)
[2018.10.27-06.25.38:737][564]LogModuleManager: Shutting down and abandoning module HierarchicalLODOutliner (608)
[2018.10.27-06.25.38:737][564]LogModuleManager: Shutting down and abandoning module SceneOutliner (606)
[2018.10.27-06.25.38:737][564]LogModuleManager: Shutting down and abandoning module AddContentDialog (604)
[2018.10.27-06.25.38:737][564]LogModuleManager: Shutting down and abandoning module WidgetCarousel (603)
[2018.10.27-06.25.38:737][564]LogModuleManager: Shutting down and abandoning module EditorWidgets (600)
[2018.10.27-06.25.38:737][564]LogModuleManager: Shutting down and abandoning module CollectionManager (598)
[2018.10.27-06.25.38:737][564]LogModuleManager: Shutting down and abandoning module FoliageEdit (596)
[2018.10.27-06.25.38:737][564]LogModuleManager: Shutting down and abandoning module LandscapeEditor (594)
[2018.10.27-06.25.38:737][564]LogModuleManager: Shutting down and abandoning module MeshPaintMode (592)
[2018.10.27-06.25.38:737][564]LogModuleManager: Shutting down and abandoning module SceneDepthPickerMode (590)
[2018.10.27-06.25.38:737][564]LogModuleManager: Shutting down and abandoning module ActorPickerMode (588)
[2018.10.27-06.25.38:737][564]LogModuleManager: Shutting down and abandoning module GeometryMode (586)
[2018.10.27-06.25.38:737][564]LogModuleManager: Shutting down and abandoning module TextureAlignMode (584)
[2018.10.27-06.25.38:737][564]LogModuleManager: Shutting down and abandoning module BspMode (582)
[2018.10.27-06.25.38:737][564]LogModuleManager: Shutting down and abandoning module PIEPreviewDeviceProfileSelector (580)
[2018.10.27-06.25.38:737][564]LogModuleManager: Shutting down and abandoning module SequenceRecorderSections (578)
[2018.10.27-06.25.38:737][564]LogModuleManager: Shutting down and abandoning module AutomationWorker (576)
[2018.10.27-06.25.38:737][564]LogModuleManager: Shutting down and abandoning module AudioCaptureEditor (574)
[2018.10.27-06.25.38:737][564]LogModuleManager: Shutting down and abandoning module SequenceRecorder (573)
[2018.10.27-06.25.38:737][564]LogModuleManager: Shutting down and abandoning module MatineeToLevelSequence (570)
[2018.10.27-06.25.38:737][564]LogModuleManager: Shutting down and abandoning module LevelSequenceEditor (568)
[2018.10.27-06.25.38:737][564]LogModuleManager: Shutting down and abandoning module PlacementMode (567)
[2018.10.27-06.25.38:737][564]LogModuleManager: Shutting down and abandoning module MaterialEditor (566)
[2018.10.27-06.25.38:737][564]LogModuleManager: Shutting down and abandoning module WmfMediaFactory (562)
[2018.10.27-06.25.38:737][564]LogModuleManager: Shutting down and abandoning module WmfMediaEditor (560)
[2018.10.27-06.25.38:737][564]LogModuleManager: Shutting down and abandoning module MediaPlayerEditor (558)
[2018.10.27-06.25.38:738][564]LogModuleManager: Shutting down and abandoning module OpenExrWrapper (556)
[2018.10.27-06.25.38:738][564]LogModuleManager: Shutting down and abandoning module ImgMediaFactory (554)
[2018.10.27-06.25.38:738][564]LogModuleManager: Shutting down and abandoning module ImgMediaEditor (552)
[2018.10.27-06.25.38:738][564]LogModuleManager: Shutting down and abandoning module AvfMediaFactory (550)
[2018.10.27-06.25.38:738][564]LogModuleManager: Shutting down and abandoning module AvfMediaEditor (548)
[2018.10.27-06.25.38:738][564]LogModuleManager: Shutting down and abandoning module AndroidMediaFactory (546)
[2018.10.27-06.25.38:738][564]LogModuleManager: Shutting down and abandoning module AndroidMediaEditor (544)
[2018.10.27-06.25.38:738][564]LogModuleManager: Shutting down and abandoning module MagicLeapCameraPreviewFactory (542)
[2018.10.27-06.25.38:738][564]LogModuleManager: Shutting down and abandoning module MagicLeapMediaFactory (540)
[2018.10.27-06.25.38:738][564]LogModuleManager: Shutting down and abandoning module MagicLeapMediaEditor (538)
[2018.10.27-06.25.38:738][564]LogModuleManager: Shutting down and abandoning module CharacterAI (536)
[2018.10.27-06.25.38:738][564]LogModuleManager: Shutting down and abandoning module SmartSnapping (534)
[2018.10.27-06.25.38:738][564]LogModuleManager: Shutting down and abandoning module SessionServices (532)
[2018.10.27-06.25.38:738][564]LogModuleManager: Shutting down and abandoning module ViewportSnapping (530)
[2018.10.27-06.25.38:738][564]LogModuleManager: Shutting down and abandoning module ViewportInteraction (528)
[2018.10.27-06.25.38:738][564]LogModuleManager: Shutting down and abandoning module ClothPainter (526)
[2018.10.27-06.25.38:738][564]LogModuleManager: Shutting down and abandoning module SkeletalMeshEditor (525)
[2018.10.27-06.25.38:738][564]LogModuleManager: Shutting down and abandoning module LogVisualizer (522)
[2018.10.27-06.25.38:738][564]LogModuleManager: Shutting down and abandoning module IntroTutorials (520)
[2018.10.27-06.25.38:738][564]LogModuleManager: Shutting down and abandoning module GameProjectGeneration (519)
[2018.10.27-06.25.38:738][564]LogModuleManager: Shutting down and abandoning module LuminPlatformEditor (516)
[2018.10.27-06.25.38:738][564]LogModuleManager: Shutting down and abandoning module IOSPlatformEditor (514)
[2018.10.27-06.25.38:738][564]LogModuleManager: Shutting down and abandoning module HTML5PlatformEditor (512)
[2018.10.27-06.25.38:738][564]LogModuleManager: Shutting down and abandoning module AndroidPlatformEditor (510)
[2018.10.27-06.25.38:738][564]LogModuleManager: Shutting down and abandoning module AndroidDeviceDetection (509)
[2018.10.27-06.25.38:911][564]LogModuleManager: Shutting down and abandoning module WindowsPlatformEditor (506)
[2018.10.27-06.25.38:911][564]LogModuleManager: Shutting down and abandoning module LuminRuntimeSettings (504)
[2018.10.27-06.25.38:911][564]LogModuleManager: Shutting down and abandoning module IOSRuntimeSettings (502)
[2018.10.27-06.25.38:911][564]LogModuleManager: Shutting down and abandoning module AndroidRuntimeSettings (500)
[2018.10.27-06.25.38:911][564]LogModuleManager: Shutting down and abandoning module InputBindingEditor (498)
[2018.10.27-06.25.38:911][564]LogModuleManager: Shutting down and abandoning module MergeActors (496)
[2018.10.27-06.25.38:911][564]LogModuleManager: Shutting down and abandoning module LocalizationDashboard (494)
[2018.10.27-06.25.38:911][564]LogModuleManager: Shutting down and abandoning module LocalizationService (493)
[2018.10.27-06.25.38:911][564]LogModuleManager: Shutting down and abandoning module HardwareTargeting (490)
[2018.10.27-06.25.38:911][564]LogModuleManager: Shutting down and abandoning module DeviceProfileEditor (488)
[2018.10.27-06.25.38:911][564]LogModuleManager: Shutting down and abandoning module UndoHistory (486)
[2018.10.27-06.25.38:911][564]LogModuleManager: Shutting down and abandoning module XmlParser (484)
[2018.10.27-06.25.38:911][564]LogModuleManager: Shutting down and abandoning module Blutility (482)
[2018.10.27-06.25.38:911][564]LogModuleManager: Shutting down and abandoning module ProjectSettingsViewer (480)
[2018.10.27-06.25.38:911][564]LogModuleManager: Shutting down and abandoning module ProjectTargetPlatformEditor (479)
[2018.10.27-06.25.38:911][564]LogModuleManager: Shutting down and abandoning module EditorSettingsViewer (476)
[2018.10.27-06.25.38:911][564]LogModuleManager: Shutting down and abandoning module SettingsEditor (474)
[2018.10.27-06.25.38:911][564]LogModuleManager: Shutting down and abandoning module ProjectLauncher (472)
[2018.10.27-06.25.38:911][564]LogModuleManager: Shutting down and abandoning module SessionFrontend (470)
[2018.10.27-06.25.38:911][564]LogModuleManager: Shutting down and abandoning module ProfilerClient (468)
[2018.10.27-06.25.38:911][564]LogModuleManager: Shutting down and abandoning module DeviceManager (466)
[2018.10.27-06.25.38:911][564]LogModuleManager: Shutting down and abandoning module TargetDeviceServices (465)
[2018.10.27-06.25.38:956][564]LogModuleManager: Shutting down and abandoning module AutomationController (462)
[2018.10.27-06.25.38:956][564]LogModuleManager: Shutting down and abandoning module AutomationWindow (460)
[2018.10.27-06.25.38:956][564]LogModuleManager: Shutting down and abandoning module Layers (458)
[2018.10.27-06.25.38:956][564]LogModuleManager: Shutting down and abandoning module ComponentVisualizers (456)
[2018.10.27-06.25.38:956][564]LogModuleManager: Shutting down and abandoning module DetailCustomizations (454)
[2018.10.27-06.25.38:956][564]LogModuleManager: Shutting down and abandoning module PackagesDialog (452)
[2018.10.27-06.25.38:956][564]LogModuleManager: Shutting down and abandoning module Persona (450)
[2018.10.27-06.25.38:956][564]LogModuleManager: Shutting down and abandoning module AdvancedPreviewScene (449)
[2018.10.27-06.25.38:956][564]LogModuleManager: Shutting down and abandoning module AnimGraph (447)
[2018.10.27-06.25.38:956][564]LogModuleManager: Shutting down and abandoning module Kismet (444)
[2018.10.27-06.25.38:956][564]LogModuleManager: Shutting down and abandoning module GraphEditor (442)
[2018.10.27-06.25.38:956][564]LogModuleManager: Shutting down and abandoning module ClassViewer (440)
[2018.10.27-06.25.38:956][564]LogModuleManager: Shutting down and abandoning module Toolbox (438)
[2018.10.27-06.25.38:956][564]LogModuleManager: Shutting down and abandoning module ModuleUI (436)
[2018.10.27-06.25.38:956][564]LogModuleManager: Shutting down and abandoning module MovieSceneTools (434)
[2018.10.27-06.25.38:956][564]LogModuleManager: Shutting down and abandoning module OutputLog (432)
[2018.10.27-06.25.38:956][564]LogModuleManager: Shutting down and abandoning module GammaUI (430)
[2018.10.27-06.25.38:956][564]LogModuleManager: Shutting down and abandoning module Documentation (428)
[2018.10.27-06.25.38:956][564]LogModuleManager: Shutting down and abandoning module MovieSceneTracks (426)
[2018.10.27-06.25.38:956][564]LogModuleManager: Shutting down and abandoning module MovieScene (424)
[2018.10.27-06.25.38:956][564]LogModuleManager: Shutting down and abandoning module StreamingPauseRendering (422)
[2018.10.27-06.25.38:956][564]LogModuleManager: Shutting down and abandoning module LauncherPlatform (420)
[2018.10.27-06.25.38:956][564]LogModuleManager: Shutting down and abandoning module AnalyticsET (418)
[2018.10.27-06.25.38:956][564]LogModuleManager: Shutting down and abandoning module PortalServices (416)
[2018.10.27-06.25.38:956][564]LogModuleManager: Shutting down and abandoning module PortalRpc (414)
[2018.10.27-06.25.38:956][564]LogModuleManager: Shutting down and abandoning module MessagingRpc (412)
[2018.10.27-06.25.38:956][564]LogModuleManager: Shutting down and abandoning module AIModule (410)
[2018.10.27-06.25.38:956][564]LogModuleManager: Shutting down and abandoning module GameplayDebugger (409)
[2018.10.27-06.25.38:956][564]LogModuleManager: Shutting down and abandoning module AITestSuite (407)
[2018.10.27-06.25.38:956][564]LogModuleManager: Shutting down and abandoning module NavigationSystem (405)
[2018.10.27-06.25.38:956][564]LogModuleManager: Shutting down and abandoning module DesktopPlatform (402)
[2018.10.27-06.25.38:956][564]LogModuleManager: Shutting down and abandoning module ProfilerService (400)
[2018.10.27-06.25.39:098][564]LogModuleManager: Shutting down and abandoning module TaskGraph (398)
[2018.10.27-06.25.39:098][564]LogModuleManager: Shutting down and abandoning module SteamVRController (396)
[2018.10.27-06.25.39:098][564]LogModuleManager: Shutting down and abandoning module ProceduralMeshComponentEditor (394)
[2018.10.27-06.25.39:098][564]LogModuleManager: Shutting down and abandoning module ProceduralMeshComponent (392)
[2018.10.27-06.25.39:098][564]LogModuleManager: Shutting down and abandoning module OculusInput (390)
[2018.10.27-06.25.39:098][564]LogModuleManager: Shutting down and abandoning module MobilePatchingUtils (388)
[2018.10.27-06.25.39:098][564]LogModuleManager: Shutting down and abandoning module EditableMesh (386)
[2018.10.27-06.25.39:098][564]LogModuleManager: Shutting down and abandoning module CustomMeshComponent (384)
[2018.10.27-06.25.39:098][564]LogModuleManager: Shutting down and abandoning module CableComponent (382)
[2018.10.27-06.25.39:098][564]LogModuleManager: Shutting down and abandoning module AudioCapture (380)
[2018.10.27-06.25.39:098][564]LogModuleManager: Shutting down and abandoning module ArchVisCharacter (378)
[2018.10.27-06.25.39:098][564]LogModuleManager: Shutting down and abandoning module AndroidPermission (376)
[2018.10.27-06.25.39:098][564]LogModuleManager: Shutting down and abandoning module NUTUnrealEngine4 (374)
[2018.10.27-06.25.39:098][564]LogModuleManager: Shutting down and abandoning module NetcodeUnitTest (372)
[2018.10.27-06.25.39:098][564]LogModuleManager: Shutting down and abandoning module MediaCompositingEditor (370)
[2018.10.27-06.25.39:098][564]LogModuleManager: Shutting down and abandoning module MediaCompositing (368)
[2018.10.27-06.25.39:098][564]LogModuleManager: Shutting down and abandoning module LinearTimecode (366)
[2018.10.27-06.25.39:098][564]LogModuleManager: Shutting down and abandoning module ImgMedia (364)
[2018.10.27-06.25.39:101][564]LogModuleManager: Shutting down and abandoning module HTML5Networking (362)
[2018.10.27-06.25.39:101][564]LogModuleManager: Shutting down and abandoning module GeometryCacheTracks (360)
[2018.10.27-06.25.39:101][564]LogModuleManager: Shutting down and abandoning module GeometryCacheSequencer (358)
[2018.10.27-06.25.39:101][564]LogModuleManager: Shutting down and abandoning module BackChannel (356)
[2018.10.27-06.25.39:101][564]LogModuleManager: Shutting down and abandoning module AppleVision (354)
[2018.10.27-06.25.39:101][564]LogModuleManager: Shutting down and abandoning module AppleImageUtils (352)
[2018.10.27-06.25.39:101][564]LogModuleManager: Shutting down and abandoning module AlembicImporter (350)
[2018.10.27-06.25.39:101][564]LogModuleManager: Shutting down and abandoning module AlembicLibrary (349)
[2018.10.27-06.25.39:101][564]LogModuleManager: Shutting down and abandoning module GeometryCache (348)
[2018.10.27-06.25.39:101][564]LogModuleManager: Shutting down and abandoning module GeometryCacheEd (347)
[2018.10.27-06.25.39:101][564]LogModuleManager: Shutting down and abandoning module DatasmithContentEditor (342)
[2018.10.27-06.25.39:101][564]LogModuleManager: Shutting down and abandoning module DatasmithContent (340)
[2018.10.27-06.25.39:101][564]LogModuleManager: Shutting down and abandoning module SpeedTreeImporter (338)
[2018.10.27-06.25.39:101][564]LogModuleManager: Shutting down and abandoning module PluginBrowser (336)
[2018.10.27-06.25.39:101][564]LogModuleManager: Shutting down and abandoning module MobileLauncherProfileWizard (334)
[2018.10.27-06.25.39:101][564]LogModuleManager: Shutting down and abandoning module PolygonModeling (332)
[2018.10.27-06.25.39:101][564]LogModuleManager: Shutting down and abandoning module MeshEditor (330)
[2018.10.27-06.25.39:101][564]LogModuleManager: Shutting down and abandoning module CryptoKeysOpenSSL (328)
[2018.10.27-06.25.39:101][564]LogModuleManager: Shutting down and abandoning module CryptoKeys (326)
[2018.10.27-06.25.39:102][564]LogModuleManager: Shutting down and abandoning module VisualStudioSourceCodeAccess (324)
[2018.10.27-06.25.39:102][564]LogModuleManager: Shutting down and abandoning module VisualStudioCodeSourceCodeAccess (322)
[2018.10.27-06.25.39:102][564]LogModuleManager: Shutting down and abandoning module UObjectPlugin (320)
[2018.10.27-06.25.39:102][564]LogModuleManager: Shutting down and abandoning module SubversionSourceControl (318)
[2018.10.27-06.25.39:102][564]LogModuleManager: Shutting down and abandoning module PerforceSourceControl (316)
[2018.10.27-06.25.39:102][564]LogModuleManager: Shutting down and abandoning module GitSourceControl (314)
[2018.10.27-06.25.39:102][564]LogModuleManager: Shutting down and abandoning module SourceControl (313)
[2018.10.27-06.25.39:102][564]LogModuleManager: Shutting down and abandoning module CLionSourceCodeAccess (310)
[2018.10.27-06.25.39:102][564]LogModuleManager: Shutting down and abandoning module LightPropagationVolumeEditor (308)
[2018.10.27-06.25.39:102][564]LogModuleManager: Shutting down and abandoning module PaperTiledImporter (306)
[2018.10.27-06.25.39:102][564]LogModuleManager: Shutting down and abandoning module PaperSpriteSheetImporter (304)
[2018.10.27-06.25.39:102][564]LogModuleManager: Shutting down and abandoning module Paper2DEditor (302)
[2018.10.27-06.25.39:102][564]LogModuleManager: Shutting down and abandoning module MeshPaint (301)
[2018.10.27-06.25.39:102][564]LogModuleManager: Shutting down and abandoning module RuntimePhysXCooking (298)
[2018.10.27-06.25.39:102][564]LogModuleManager: Shutting down and abandoning module PhysXVehiclesEditor (296)
[2018.10.27-06.25.39:102][564]LogModuleManager: Shutting down and abandoning module PhysXVehicles (294)
[2018.10.27-06.25.39:102][564]LogModuleManager: Shutting down and abandoning module OculusEditor (292)
[2018.10.27-06.25.39:102][564]LogModuleManager: Shutting down and abandoning module LocationServicesBPLibrary (290)
[2018.10.27-06.25.39:102][564]LogModuleManager: Shutting down and abandoning module ImmediatePhysicsEditor (288)
[2018.10.27-06.25.39:102][564]LogModuleManager: Shutting down and abandoning module ImmediatePhysics (286)
[2018.10.27-06.25.39:102][564]LogModuleManager: Shutting down and abandoning module ActorSequence (284)
[2018.10.27-06.25.39:102][564]LogModuleManager: Shutting down and abandoning module UdpMessaging (282)
[2018.10.27-06.25.39:203][564]LogModuleManager: Shutting down and abandoning module TcpMessaging (280)
[2018.10.27-06.25.39:304][564]LogModuleManager: Shutting down and abandoning module MagicLeapAudio (278)
[2018.10.27-06.25.39:304][564]LogModuleManager: Shutting down and abandoning module GameplayTagsEditor (276)
[2018.10.27-06.25.39:304][564]LogModuleManager: Shutting down and abandoning module FacialAnimationEditor (274)
[2018.10.27-06.25.39:304][564]LogModuleManager: Shutting down and abandoning module FacialAnimation (272)
[2018.10.27-06.25.39:304][564]LogModuleManager: Shutting down and abandoning module DataValidation (270)
[2018.10.27-06.25.39:304][564]LogModuleManager: Shutting down and abandoning module AssetManagerEditor (268)
[2018.10.27-06.25.39:304][564]LogModuleManager: Shutting down and abandoning module LevelEditor (267)
[2018.10.27-06.25.39:304][564]LogModuleManager: Shutting down and abandoning module PixelInspectorModule (266)
[2018.10.27-06.25.39:304][564]LogModuleManager: Shutting down and abandoning module CommonMenuExtensions (264)
[2018.10.27-06.25.39:305][564]LogModuleManager: Shutting down and abandoning module MainFrame (262)
[2018.10.27-06.25.39:305][564]LogModuleManager: Shutting down and abandoning module HotReload (261)
[2018.10.27-06.25.39:305][564]LogModuleManager: Shutting down and abandoning module ContentBrowser (257)
[2018.10.27-06.25.39:306][564]LogModuleManager: Shutting down and abandoning module TreeMap (255)
[2018.10.27-06.25.39:306][564]LogModuleManager: Shutting down and abandoning module LightPropagationVolumeRuntime (252)
[2018.10.27-06.25.39:306][564]LogModuleManager: Shutting down and abandoning module AISupportModule (250)
[2018.10.27-06.25.39:306][564]LogModuleManager: Shutting down and abandoning module Paper2D (248)
[2018.10.27-06.25.39:306][564]LogModuleManager: Shutting down and abandoning module WindowsMoviePlayer (246)
[2018.10.27-06.25.39:306][564]LogModuleManager: Shutting down and abandoning module WmfMedia (244)
[2018.10.27-06.25.39:307][564]LogModuleManager: Shutting down and abandoning module Media (243)
[2018.10.27-06.25.39:314][564]LogModuleManager: Shutting down and abandoning module PacketHandler (240)
[2018.10.27-06.25.39:315][564]LogModuleManager: Shutting down and abandoning module ClothingSystemEditor (238)
[2018.10.27-06.25.39:315][564]LogModuleManager: Shutting down and abandoning module ClothingSystemRuntime (236)
[2018.10.27-06.25.39:315][564]LogModuleManager: Shutting down and abandoning module MediaAssets (234)
[2018.10.27-06.25.39:315][564]LogModuleManager: Shutting down and abandoning module Overlay (232)
[2018.10.27-06.25.39:315][564]LogModuleManager: Shutting down and abandoning module OverlayEditor (231)
[2018.10.27-06.25.39:315][564]LogModuleManager: Shutting down and abandoning module VREditor (228)
[2018.10.27-06.25.39:315][564]LogModuleManager: Shutting down and abandoning module StringTableEditor (226)
[2018.10.27-06.25.39:315][564]LogModuleManager: Shutting down and abandoning module GameplayTasksEditor (224)
[2018.10.27-06.25.39:315][564]LogModuleManager: Shutting down and abandoning module BehaviorTreeEditor (222)
[2018.10.27-06.25.39:315][564]LogModuleManager: Shutting down and abandoning module FunctionalTesting (220)
[2018.10.27-06.25.39:315][564]LogModuleManager: Shutting down and abandoning module CollisionAnalyzer (218)
[2018.10.27-06.25.39:316][564]LogModuleManager: Shutting down and abandoning module WorkspaceMenuStructure (217)
[2018.10.27-06.25.39:316][564]LogModuleManager: Shutting down and abandoning module UMG (214)
[2018.10.27-06.25.39:316][564]LogModuleManager: Shutting down and abandoning module UMGEditor (213)
[2018.10.27-06.25.39:316][564]LogModuleManager: Shutting down and abandoning module Sequencer (212)
[2018.10.27-06.25.39:316][564]LogModuleManager: Shutting down and abandoning module MessageLog (209)
[2018.10.27-06.25.39:316][564]LogModuleManager: Shutting down and abandoning module SlateReflector (204)
[2018.10.27-06.25.39:316][564]LogModuleManager: Shutting down and abandoning module Slate (202)
[2018.10.27-06.25.39:317][564]LogModuleManager: Shutting down and abandoning module EditorStyle (200)
[2018.10.27-06.25.39:320][564]LogModuleManager: Shutting down and abandoning module MRMesh (198)
[2018.10.27-06.25.39:320][564]LogModuleManager: Shutting down and abandoning module SourceCodeAccess (196)
[2018.10.27-06.25.39:320][564]LogModuleManager: Shutting down and abandoning module HeadMountedDisplay (194)
[2018.10.27-06.25.39:320][564]LogModuleManager: Shutting down and abandoning module XAudio2 (192)
[2018.10.27-06.25.39:320][564]LogModuleManager: Shutting down and abandoning module Networking (190)
[2018.10.27-06.25.39:320][564]LogModuleManager: Shutting down and abandoning module Core (188)
[2018.10.27-06.25.39:320][564]LogModuleManager: Shutting down and abandoning module LevelSequence (186)
[2018.10.27-06.25.39:320][564]LogModuleManager: Shutting down and abandoning module KismetCompiler (184)
[2018.10.27-06.25.39:320][564]LogModuleManager: Shutting down and abandoning module MeshUtilities (182)
[2018.10.27-06.25.39:320][564]LogModuleManager: Shutting down and abandoning module MeshMergeUtilities (181)
[2018.10.27-06.25.39:320][564]LogModuleManager: Shutting down and abandoning module MeshReductionInterface (180)
[2018.10.27-06.25.39:320][564]LogModuleManager: Shutting down and abandoning module SimplygonSwarm (179)
[2018.10.27-06.25.39:320][564]LogModuleManager: Shutting down and abandoning module ProxyLODMeshReduction (177)
[2018.10.27-06.25.39:320][564]LogModuleManager: Shutting down and abandoning module SimplygonMeshReduction (175)
[2018.10.27-06.25.39:320][564]LogModuleManager: Shutting down and abandoning module QuadricMeshReduction (173)
[2018.10.27-06.25.39:320][564]LogModuleManager: Shutting down and abandoning module MaterialBaking (169)
[2018.10.27-06.25.39:320][564]LogModuleManager: Shutting down and abandoning module DirectoryWatcher (165)
[2018.10.27-06.25.39:320][564]LogModuleManager: Shutting down and abandoning module DerivedDataCache (162)
[2018.10.27-06.25.39:392][564]LogDerivedDataCache: Shutdown
[2018.10.27-06.25.39:392][564]LogModuleManager: Shutting down and abandoning module XGEController (160)
[2018.10.27-06.25.39:392][564]LogModuleManager: Shutting down and abandoning module TargetPlatform (158)
[2018.10.27-06.25.39:392][564]LogModuleManager: Shutting down and abandoning module VulkanShaderFormat (157)
[2018.10.27-06.25.39:392][564]LogModuleManager: Shutting down and abandoning module ShaderFormatVectorVM (155)
[2018.10.27-06.25.39:392][564]LogModuleManager: Shutting down and abandoning module ShaderFormatOpenGL (153)
[2018.10.27-06.25.39:392][564]LogModuleManager: Shutting down and abandoning module ShaderFormatD3D (151)
[2018.10.27-06.25.39:392][564]LogModuleManager: Shutting down and abandoning module MetalShaderFormat (149)
[2018.10.27-06.25.39:392][564]LogModuleManager: Shutting down and abandoning module TextureFormatUncompressed (147)
[2018.10.27-06.25.39:392][564]LogModuleManager: Shutting down and abandoning module TextureFormatPVR (145)
[2018.10.27-06.25.39:392][564]LogModuleManager: Shutting down and abandoning module TextureFormatDXT (143)
[2018.10.27-06.25.39:392][564]LogModuleManager: Shutting down and abandoning module TextureFormatIntelISPCTexComp (141)
[2018.10.27-06.25.39:392][564]LogModuleManager: Shutting down and abandoning module TextureFormatASTC (139)
[2018.10.27-06.25.39:392][564]LogModuleManager: Shutting down and abandoning module ImageWrapper (138)
[2018.10.27-06.25.39:392][564]LogModuleManager: Shutting down and abandoning module TextureFormatAndroid (135)
[2018.10.27-06.25.39:392][564]LogModuleManager: Shutting down and abandoning module AudioFormatOpus (133)
[2018.10.27-06.25.39:392][564]LogModuleManager: Shutting down and abandoning module AudioFormatOgg (131)
[2018.10.27-06.25.39:392][564]LogModuleManager: Shutting down and abandoning module AudioFormatADPCM (129)
[2018.10.27-06.25.39:392][564]LogModuleManager: Shutting down and abandoning module LuminTargetPlatform (127)
[2018.10.27-06.25.39:393][564]LogModuleManager: Shutting down and abandoning module LinuxTargetPlatform (125)
[2018.10.27-06.25.39:393][564]LogModuleManager: Shutting down and abandoning module LinuxServerTargetPlatform (123)
[2018.10.27-06.25.39:393][564]LogModuleManager: Shutting down and abandoning module LinuxNoEditorTargetPlatform (121)
[2018.10.27-06.25.39:393][564]LogModuleManager: Shutting down and abandoning module LinuxClientTargetPlatform (119)
[2018.10.27-06.25.39:393][564]LogModuleManager: Shutting down and abandoning module TVOSTargetPlatform (117)
[2018.10.27-06.25.39:393][564]LogModuleManager: Shutting down and abandoning module Messaging (115)
[2018.10.27-06.25.39:393][564]LogModuleManager: Shutting down and abandoning module IOSTargetPlatform (113)
[2018.10.27-06.25.39:394][564]LogModuleManager: Shutting down and abandoning module HTML5TargetPlatform (111)
[2018.10.27-06.25.39:394][564]LogModuleManager: Shutting down and abandoning module AndroidTargetPlatform (109)
[2018.10.27-06.25.39:398][564]LogModuleManager: Shutting down and abandoning module WindowsTargetPlatform (107)
[2018.10.27-06.25.39:398][564]LogModuleManager: Shutting down and abandoning module WindowsServerTargetPlatform (105)
[2018.10.27-06.25.39:398][564]LogModuleManager: Shutting down and abandoning module WindowsNoEditorTargetPlatform (103)
[2018.10.27-06.25.39:398][564]LogModuleManager: Shutting down and abandoning module WindowsClientTargetPlatform (101)
[2018.10.27-06.25.39:398][564]LogModuleManager: Shutting down and abandoning module MacTargetPlatform (99)
[2018.10.27-06.25.39:398][564]LogModuleManager: Shutting down and abandoning module MacServerTargetPlatform (97)
[2018.10.27-06.25.39:398][564]LogModuleManager: Shutting down and abandoning module MacNoEditorTargetPlatform (95)
[2018.10.27-06.25.39:398][564]LogModuleManager: Shutting down and abandoning module MacClientTargetPlatform (93)
[2018.10.27-06.25.39:398][564]LogModuleManager: Shutting down and abandoning module AllDesktopTargetPlatform (91)
[2018.10.27-06.25.39:398][564]LogModuleManager: Shutting down and abandoning module InputCore (88)
[2018.10.27-06.25.39:398][564]LogModuleManager: Shutting down and abandoning module Settings (86)
[2018.10.27-06.25.39:398][564]LogModuleManager: Shutting down and abandoning module PhysXCooking (84)
[2018.10.27-06.25.39:398][564]LogModuleManager: Shutting down and abandoning module SteamVR (82)
[2018.10.27-06.25.39:398][564]LogModuleManager: Shutting down and abandoning module OculusHMD (80)
[2018.10.27-06.25.39:398][564]LogModuleManager: Shutting down and abandoning module ExampleDeviceProfileSelector (78)
[2018.10.27-06.25.39:398][564]LogModuleManager: Shutting down and abandoning module LauncherChunkInstaller (76)
[2018.10.27-06.25.39:398][564]LogModuleManager: Shutting down and abandoning module OnlineBlueprintSupport (74)
[2018.10.27-06.25.39:398][564]LogModuleManager: Shutting down and abandoning module OnlineSubsystem (70)
[2018.10.27-06.25.39:398][564]LogModuleManager: Shutting down and abandoning module XMPP (65)
[2018.10.27-06.25.39:398][564]LogModuleManager: Shutting down and abandoning module WebSockets (64)
[2018.10.27-06.25.39:416][564]LogModuleManager: Shutting down and abandoning module HTTP (61)
[2018.10.27-06.25.39:417][564]LogHttp: Display: Http module shutting down, but needs to wait on 1 outstanding Http requests:
[2018.10.27-06.25.39:417][564]LogHttp: Display: 	verb=[POST] url=[https://datarouter.ol.epicgames.com/datarouter/api/v1/public/data?SessionID=%7B7E4C3BF8-4C08-E800-5E84-52AC7F7BF682%7D&AppID=UEEditor.Rocket.Release&AppVersion=4.20.3-4369336%2B%2B%2BUE4%2BRelease-4.20&UserID=2edf977b40fe0d0a91309bae5c56921e%7Cbd4b3bc58b3f4bfebdeb27d9fa56cfe1%7C8bfc803e-c6a5-4ce1-88e6-b9b55aac0954&AppEnvironment=datacollector-binary&UploadType=eteventstream] status=Processing
[2018.10.27-06.25.39:437][564]LogModuleManager: Shutting down and abandoning module SSL (60)
[2018.10.27-06.25.39:438][564]LogModuleManager: Shutting down and abandoning module MagicLeapEmulator (56)
[2018.10.27-06.25.39:438][564]LogModuleManager: Shutting down and abandoning module MagicLeapPrivileges (54)
[2018.10.27-06.25.39:438][564]LogModuleManager: Shutting down and abandoning module MagicLeapIdentity (52)
[2018.10.27-06.25.39:438][564]LogModuleManager: Shutting down and abandoning module MagicLeapHelperVulkan (50)
[2018.10.27-06.25.39:438][564]LogModuleManager: Shutting down and abandoning module MagicLeapHelperOpenGL (48)
[2018.10.27-06.25.39:438][564]LogModuleManager: Shutting down and abandoning module MagicLeapSecureStorage (46)
[2018.10.27-06.25.39:438][564]LogModuleManager: Shutting down and abandoning module MagicLeapGestures (44)
[2018.10.27-06.25.39:438][564]LogModuleManager: Shutting down and abandoning module MagicLeapEyeTracker (42)
[2018.10.27-06.25.39:438][564]LogModuleManager: Shutting down and abandoning module MagicLeapController (40)
[2018.10.27-06.25.39:438][564]LogSlate: Slate User Destroyed.  User Index 0, Is Virtual User: 0
[2018.10.27-06.25.39:438][564]LogModuleManager: Shutting down and abandoning module MagicLeap (38)
[2018.10.27-06.25.39:438][564]LogModuleManager: Shutting down and abandoning module AnimationModifiers (36)
[2018.10.27-06.25.39:438][564]LogModuleManager: Shutting down and abandoning module PropertyEditor (35)
[2018.10.27-06.25.39:438][564]LogModuleManager: Shutting down and abandoning module AudioEditor (32)
[2018.10.27-06.25.39:438][564]LogModuleManager: Shutting down and abandoning module TextureCompressor (30)
[2018.10.27-06.25.39:438][564]LogModuleManager: Shutting down and abandoning module ShaderCore (28)
[2018.10.27-06.25.39:438][564]LogModuleManager: Shutting down and abandoning module Landscape (26)
[2018.10.27-06.25.39:438][564]LogModuleManager: Shutting down and abandoning module SlateRHIRenderer (24)
[2018.10.27-06.25.39:439][564]LogModuleManager: Shutting down and abandoning module OpenGLDrv (22)
[2018.10.27-06.25.39:439][564]LogModuleManager: Shutting down and abandoning module D3D11RHI (20)
[2018.10.27-06.25.39:439][564]LogModuleManager: Shutting down and abandoning module AnimGraphRuntime (18)
[2018.10.27-06.25.39:439][564]LogModuleManager: Shutting down and abandoning module Renderer (16)
[2018.10.27-06.25.39:439][564]LogModuleManager: Shutting down and abandoning module Engine (14)
[2018.10.27-06.25.39:439][564]LogModuleManager: Shutting down and abandoning module CoreUObject (12)
[2018.10.27-06.25.39:439][564]LogModuleManager: Shutting down and abandoning module NetworkFile (10)
[2018.10.27-06.25.39:439][564]LogModuleManager: Shutting down and abandoning module CookedIterativeFile (8)
[2018.10.27-06.25.39:439][564]LogModuleManager: Shutting down and abandoning module StreamingFile (6)
[2018.10.27-06.25.39:439][564]LogModuleManager: Shutting down and abandoning module SandboxFile (4)
[2018.10.27-06.25.39:439][564]LogModuleManager: Shutting down and abandoning module PakFile (2)
[2018.10.27-06.25.39:445][564]LogExit: Exiting.
[2018.10.27-06.25.39:455][564]Log file closed, 10/27/18 16:25:39
